The system is: Darwin - 18.7.0 - x86_64
Compiling the C compiler identification source file "CMakeCCompilerId.c" succeeded.
Compiler: /Library/Developer/CommandLineTools/usr/bin/cc 
Build flags: 
Id flags:  

The output was:
0


Compilation of the C compiler identification source "CMakeCCompilerId.c" produced "a.out"

The C compiler identification is AppleClang, found in "/Users/haonanzhao/School/cs5100 Fundamental of AI/game project/tutorials/gym-retro/CMakeFiles/3.16.5/CompilerIdC/a.out"

Compiling the CXX compiler identification source file "CMakeCXXCompilerId.cpp" succeeded.
Compiler: /Library/Developer/CommandLineTools/usr/bin/c++ 
Build flags: 
Id flags:  

The output was:
0


Compilation of the CXX compiler identification source "CMakeCXXCompilerId.cpp" produced "a.out"

The CXX compiler identification is AppleClang, found in "/Users/haonanzhao/School/cs5100 Fundamental of AI/game project/tutorials/gym-retro/CMakeFiles/3.16.5/CompilerIdCXX/a.out"

Determining if the C compiler works passed with the following output:
Change Dir: /Users/haonanzhao/School/cs5100 Fundamental of AI/game project/tutorials/gym-retro/CMakeFiles/CMakeTmp

Run Build Command(s):/usr/bin/make cmTC_a3831/fast && /Library/Developer/CommandLineTools/usr/bin/make -f CMakeFiles/cmTC_a3831.dir/build.make CMakeFiles/cmTC_a3831.dir/build
Building C object CMakeFiles/cmTC_a3831.dir/testCCompiler.c.o
/Library/Developer/CommandLineTools/usr/bin/cc   -isysroot /Library/Developer/CommandLineTools/SDKs/MacOSX10.14.sdk   -o CMakeFiles/cmTC_a3831.dir/testCCompiler.c.o   -c "/Users/haonanzhao/School/cs5100 Fundamental of AI/game project/tutorials/gym-retro/CMakeFiles/CMakeTmp/testCCompiler.c"
Linking C executable cmTC_a3831
/usr/local/Cellar/cmake/3.16.5/bin/cmake -E cmake_link_script CMakeFiles/cmTC_a3831.dir/link.txt --verbose=1
/Library/Developer/CommandLineTools/usr/bin/cc   -isysroot /Library/Developer/CommandLineTools/SDKs/MacOSX10.14.sdk -Wl,-search_paths_first -Wl,-headerpad_max_install_names   CMakeFiles/cmTC_a3831.dir/testCCompiler.c.o  -o cmTC_a3831 



Detecting C compiler ABI info compiled with the following output:
Change Dir: /Users/haonanzhao/School/cs5100 Fundamental of AI/game project/tutorials/gym-retro/CMakeFiles/CMakeTmp

Run Build Command(s):/usr/bin/make cmTC_ecd47/fast && /Library/Developer/CommandLineTools/usr/bin/make -f CMakeFiles/cmTC_ecd47.dir/build.make CMakeFiles/cmTC_ecd47.dir/build
Building C object CMakeFiles/cmTC_ecd47.dir/CMakeCCompilerABI.c.o
/Library/Developer/CommandLineTools/usr/bin/cc   -isysroot /Library/Developer/CommandLineTools/SDKs/MacOSX10.14.sdk   -v -Wl,-v -o CMakeFiles/cmTC_ecd47.dir/CMakeCCompilerABI.c.o   -c /usr/local/Cellar/cmake/3.16.5/share/cmake/Modules/CMakeCCompilerABI.c
Apple LLVM version 10.0.1 (clang-1001.0.46.4)
Target: x86_64-apple-darwin18.7.0
Thread model: posix
InstalledDir: /Library/Developer/CommandLineTools/usr/bin
clang: warning: -Wl,-v: 'linker' input unused [-Wunused-command-line-argument]
 "/Library/Developer/CommandLineTools/usr/bin/clang" -cc1 -triple x86_64-apple-macosx10.14.0 -Wdeprecated-objc-isa-usage -Werror=deprecated-objc-isa-usage -emit-obj -mrelax-all -disable-free -disable-llvm-verifier -discard-value-names -main-file-name CMakeCCompilerABI.c -mrelocation-model pic -pic-level 2 -mthread-model posix -mdisable-fp-elim -fno-strict-return -masm-verbose -munwind-tables -target-sdk-version=10.14 -target-cpu penryn -dwarf-column-info -debugger-tuning=lldb -target-linker-version 450.3 -v -coverage-notes-file /Users/haonanzhao/School/cs5100 Fundamental of AI/game project/tutorials/gym-retro/CMakeFiles/CMakeTmp/CMakeFiles/cmTC_ecd47.dir/CMakeCCompilerABI.c.gcno -resource-dir /Library/Developer/CommandLineTools/usr/lib/clang/10.0.1 -isysroot /Library/Developer/CommandLineTools/SDKs/MacOSX10.14.sdk -Wno-atomic-implicit-seq-cst -Wno-framework-include-private-from-public -Wno-atimport-in-framework-header -Wno-quoted-include-in-framework-header -fdebug-compilation-dir /Users/haonanzhao/School/cs5100 Fundamental of AI/game project/tutorials/gym-retro/CMakeFiles/CMakeTmp -ferror-limit 19 -fmessage-length 0 -stack-protector 1 -fblocks -fencode-extended-block-signature -fregister-global-dtors-with-atexit -fobjc-runtime=macosx-10.14.0 -fmax-type-align=16 -fdiagnostics-show-option -o CMakeFiles/cmTC_ecd47.dir/CMakeCCompilerABI.c.o -x c /usr/local/Cellar/cmake/3.16.5/share/cmake/Modules/CMakeCCompilerABI.c
clang -cc1 version 10.0.1 (clang-1001.0.46.4) default target x86_64-apple-darwin18.7.0
ignoring nonexistent directory "/Library/Developer/CommandLineTools/SDKs/MacOSX10.14.sdk/usr/local/include"
ignoring nonexistent directory "/Library/Developer/CommandLineTools/SDKs/MacOSX10.14.sdk/Library/Frameworks"
#include "..." search starts here:
#include <...> search starts here:
 /Library/Developer/CommandLineTools/usr/lib/clang/10.0.1/include
 /Library/Developer/CommandLineTools/usr/include
 /Library/Developer/CommandLineTools/SDKs/MacOSX10.14.sdk/usr/include
 /Library/Developer/CommandLineTools/SDKs/MacOSX10.14.sdk/System/Library/Frameworks (framework directory)
End of search list.
Linking C executable cmTC_ecd47
/usr/local/Cellar/cmake/3.16.5/bin/cmake -E cmake_link_script CMakeFiles/cmTC_ecd47.dir/link.txt --verbose=1
/Library/Developer/CommandLineTools/usr/bin/cc   -isysroot /Library/Developer/CommandLineTools/SDKs/MacOSX10.14.sdk -Wl,-search_paths_first -Wl,-headerpad_max_install_names  -v -Wl,-v CMakeFiles/cmTC_ecd47.dir/CMakeCCompilerABI.c.o  -o cmTC_ecd47 
Apple LLVM version 10.0.1 (clang-1001.0.46.4)
Target: x86_64-apple-darwin18.7.0
Thread model: posix
InstalledDir: /Library/Developer/CommandLineTools/usr/bin
 "/Library/Developer/CommandLineTools/usr/bin/ld" -demangle -lto_library /Library/Developer/CommandLineTools/usr/lib/libLTO.dylib -dynamic -arch x86_64 -macosx_version_min 10.14.0 -syslibroot /Library/Developer/CommandLineTools/SDKs/MacOSX10.14.sdk -o cmTC_ecd47 -search_paths_first -headerpad_max_install_names -v CMakeFiles/cmTC_ecd47.dir/CMakeCCompilerABI.c.o -lSystem /Library/Developer/CommandLineTools/usr/lib/clang/10.0.1/lib/darwin/libclang_rt.osx.a
@(#)PROGRAM:ld  PROJECT:ld64-450.3
BUILD 18:16:53 Apr  5 2019
configured to support archs: armv6 armv7 armv7s arm64 arm64e arm64_32 i386 x86_64 x86_64h armv6m armv7k armv7m armv7em
Library search paths:
	/Library/Developer/CommandLineTools/SDKs/MacOSX10.14.sdk/usr/lib
Framework search paths:
	/Library/Developer/CommandLineTools/SDKs/MacOSX10.14.sdk/System/Library/Frameworks/



Parsed C implicit include dir info from above output: rv=done
  found start of include info
  found start of implicit include info
    add: [/Library/Developer/CommandLineTools/usr/lib/clang/10.0.1/include]
    add: [/Library/Developer/CommandLineTools/usr/include]
    add: [/Library/Developer/CommandLineTools/SDKs/MacOSX10.14.sdk/usr/include]
  end of search list found
  collapse include dir [/Library/Developer/CommandLineTools/usr/lib/clang/10.0.1/include] ==> [/Library/Developer/CommandLineTools/usr/lib/clang/10.0.1/include]
  collapse include dir [/Library/Developer/CommandLineTools/usr/include] ==> [/Library/Developer/CommandLineTools/usr/include]
  collapse include dir [/Library/Developer/CommandLineTools/SDKs/MacOSX10.14.sdk/usr/include] ==> [/Library/Developer/CommandLineTools/SDKs/MacOSX10.14.sdk/usr/include]
  implicit include dirs: [/Library/Developer/CommandLineTools/usr/lib/clang/10.0.1/include;/Library/Developer/CommandLineTools/usr/include;/Library/Developer/CommandLineTools/SDKs/MacOSX10.14.sdk/usr/include]


Parsed C implicit link information from above output:
  link line regex: [^( *|.*[/\])(ld|CMAKE_LINK_STARTFILE-NOTFOUND|([^/\]+-)?ld|collect2)[^/\]*( |$)]
  ignore line: [Change Dir: /Users/haonanzhao/School/cs5100 Fundamental of AI/game project/tutorials/gym-retro/CMakeFiles/CMakeTmp]
  ignore line: []
  ignore line: [Run Build Command(s):/usr/bin/make cmTC_ecd47/fast && /Library/Developer/CommandLineTools/usr/bin/make -f CMakeFiles/cmTC_ecd47.dir/build.make CMakeFiles/cmTC_ecd47.dir/build]
  ignore line: [Building C object CMakeFiles/cmTC_ecd47.dir/CMakeCCompilerABI.c.o]
  ignore line: [/Library/Developer/CommandLineTools/usr/bin/cc   -isysroot /Library/Developer/CommandLineTools/SDKs/MacOSX10.14.sdk   -v -Wl -v -o CMakeFiles/cmTC_ecd47.dir/CMakeCCompilerABI.c.o   -c /usr/local/Cellar/cmake/3.16.5/share/cmake/Modules/CMakeCCompilerABI.c]
  ignore line: [Apple LLVM version 10.0.1 (clang-1001.0.46.4)]
  ignore line: [Target: x86_64-apple-darwin18.7.0]
  ignore line: [Thread model: posix]
  ignore line: [InstalledDir: /Library/Developer/CommandLineTools/usr/bin]
  ignore line: [clang: warning: -Wl -v: 'linker' input unused [-Wunused-command-line-argument]]
  ignore line: [ "/Library/Developer/CommandLineTools/usr/bin/clang" -cc1 -triple x86_64-apple-macosx10.14.0 -Wdeprecated-objc-isa-usage -Werror=deprecated-objc-isa-usage -emit-obj -mrelax-all -disable-free -disable-llvm-verifier -discard-value-names -main-file-name CMakeCCompilerABI.c -mrelocation-model pic -pic-level 2 -mthread-model posix -mdisable-fp-elim -fno-strict-return -masm-verbose -munwind-tables -target-sdk-version=10.14 -target-cpu penryn -dwarf-column-info -debugger-tuning=lldb -target-linker-version 450.3 -v -coverage-notes-file /Users/haonanzhao/School/cs5100 Fundamental of AI/game project/tutorials/gym-retro/CMakeFiles/CMakeTmp/CMakeFiles/cmTC_ecd47.dir/CMakeCCompilerABI.c.gcno -resource-dir /Library/Developer/CommandLineTools/usr/lib/clang/10.0.1 -isysroot /Library/Developer/CommandLineTools/SDKs/MacOSX10.14.sdk -Wno-atomic-implicit-seq-cst -Wno-framework-include-private-from-public -Wno-atimport-in-framework-header -Wno-quoted-include-in-framework-header -fdebug-compilation-dir /Users/haonanzhao/School/cs5100 Fundamental of AI/game project/tutorials/gym-retro/CMakeFiles/CMakeTmp -ferror-limit 19 -fmessage-length 0 -stack-protector 1 -fblocks -fencode-extended-block-signature -fregister-global-dtors-with-atexit -fobjc-runtime=macosx-10.14.0 -fmax-type-align=16 -fdiagnostics-show-option -o CMakeFiles/cmTC_ecd47.dir/CMakeCCompilerABI.c.o -x c /usr/local/Cellar/cmake/3.16.5/share/cmake/Modules/CMakeCCompilerABI.c]
  ignore line: [clang -cc1 version 10.0.1 (clang-1001.0.46.4) default target x86_64-apple-darwin18.7.0]
  ignore line: [ignoring nonexistent directory "/Library/Developer/CommandLineTools/SDKs/MacOSX10.14.sdk/usr/local/include"]
  ignore line: [ignoring nonexistent directory "/Library/Developer/CommandLineTools/SDKs/MacOSX10.14.sdk/Library/Frameworks"]
  ignore line: [#include "..." search starts here:]
  ignore line: [#include <...> search starts here:]
  ignore line: [ /Library/Developer/CommandLineTools/usr/lib/clang/10.0.1/include]
  ignore line: [ /Library/Developer/CommandLineTools/usr/include]
  ignore line: [ /Library/Developer/CommandLineTools/SDKs/MacOSX10.14.sdk/usr/include]
  ignore line: [ /Library/Developer/CommandLineTools/SDKs/MacOSX10.14.sdk/System/Library/Frameworks (framework directory)]
  ignore line: [End of search list.]
  ignore line: [Linking C executable cmTC_ecd47]
  ignore line: [/usr/local/Cellar/cmake/3.16.5/bin/cmake -E cmake_link_script CMakeFiles/cmTC_ecd47.dir/link.txt --verbose=1]
  ignore line: [/Library/Developer/CommandLineTools/usr/bin/cc   -isysroot /Library/Developer/CommandLineTools/SDKs/MacOSX10.14.sdk -Wl -search_paths_first -Wl -headerpad_max_install_names  -v -Wl -v CMakeFiles/cmTC_ecd47.dir/CMakeCCompilerABI.c.o  -o cmTC_ecd47 ]
  ignore line: [Apple LLVM version 10.0.1 (clang-1001.0.46.4)]
  ignore line: [Target: x86_64-apple-darwin18.7.0]
  ignore line: [Thread model: posix]
  ignore line: [InstalledDir: /Library/Developer/CommandLineTools/usr/bin]
  link line: [ "/Library/Developer/CommandLineTools/usr/bin/ld" -demangle -lto_library /Library/Developer/CommandLineTools/usr/lib/libLTO.dylib -dynamic -arch x86_64 -macosx_version_min 10.14.0 -syslibroot /Library/Developer/CommandLineTools/SDKs/MacOSX10.14.sdk -o cmTC_ecd47 -search_paths_first -headerpad_max_install_names -v CMakeFiles/cmTC_ecd47.dir/CMakeCCompilerABI.c.o -lSystem /Library/Developer/CommandLineTools/usr/lib/clang/10.0.1/lib/darwin/libclang_rt.osx.a]
    arg [/Library/Developer/CommandLineTools/usr/bin/ld] ==> ignore
    arg [-demangle] ==> ignore
    arg [-lto_library] ==> ignore, skip following value
    arg [/Library/Developer/CommandLineTools/usr/lib/libLTO.dylib] ==> skip value of -lto_library
    arg [-dynamic] ==> ignore
    arg [-arch] ==> ignore
    arg [x86_64] ==> ignore
    arg [-macosx_version_min] ==> ignore
    arg [10.14.0] ==> ignore
    arg [-syslibroot] ==> ignore
    arg [/Library/Developer/CommandLineTools/SDKs/MacOSX10.14.sdk] ==> ignore
    arg [-o] ==> ignore
    arg [cmTC_ecd47] ==> ignore
    arg [-search_paths_first] ==> ignore
    arg [-headerpad_max_install_names] ==> ignore
    arg [-v] ==> ignore
    arg [CMakeFiles/cmTC_ecd47.dir/CMakeCCompilerABI.c.o] ==> ignore
    arg [-lSystem] ==> lib [System]
    arg [/Library/Developer/CommandLineTools/usr/lib/clang/10.0.1/lib/darwin/libclang_rt.osx.a] ==> lib [/Library/Developer/CommandLineTools/usr/lib/clang/10.0.1/lib/darwin/libclang_rt.osx.a]
  Library search paths: [;/Library/Developer/CommandLineTools/SDKs/MacOSX10.14.sdk/usr/lib]
  Framework search paths: [;/Library/Developer/CommandLineTools/SDKs/MacOSX10.14.sdk/System/Library/Frameworks/]
  remove lib [System]
  remove lib [/Library/Developer/CommandLineTools/usr/lib/clang/10.0.1/lib/darwin/libclang_rt.osx.a]
  collapse library dir [/Library/Developer/CommandLineTools/SDKs/MacOSX10.14.sdk/usr/lib] ==> [/Library/Developer/CommandLineTools/SDKs/MacOSX10.14.sdk/usr/lib]
  collapse framework dir [/Library/Developer/CommandLineTools/SDKs/MacOSX10.14.sdk/System/Library/Frameworks/] ==> [/Library/Developer/CommandLineTools/SDKs/MacOSX10.14.sdk/System/Library/Frameworks]
  implicit libs: []
  implicit dirs: [/Library/Developer/CommandLineTools/SDKs/MacOSX10.14.sdk/usr/lib]
  implicit fwks: [/Library/Developer/CommandLineTools/SDKs/MacOSX10.14.sdk/System/Library/Frameworks]


Determining if the CXX compiler works passed with the following output:
Change Dir: /Users/haonanzhao/School/cs5100 Fundamental of AI/game project/tutorials/gym-retro/CMakeFiles/CMakeTmp

Run Build Command(s):/usr/bin/make cmTC_6a6b7/fast && /Library/Developer/CommandLineTools/usr/bin/make -f CMakeFiles/cmTC_6a6b7.dir/build.make CMakeFiles/cmTC_6a6b7.dir/build
Building CXX object CMakeFiles/cmTC_6a6b7.dir/testCXXCompiler.cxx.o
/Library/Developer/CommandLineTools/usr/bin/c++    -isysroot /Library/Developer/CommandLineTools/SDKs/MacOSX10.14.sdk   -o CMakeFiles/cmTC_6a6b7.dir/testCXXCompiler.cxx.o -c "/Users/haonanzhao/School/cs5100 Fundamental of AI/game project/tutorials/gym-retro/CMakeFiles/CMakeTmp/testCXXCompiler.cxx"
Linking CXX executable cmTC_6a6b7
/usr/local/Cellar/cmake/3.16.5/bin/cmake -E cmake_link_script CMakeFiles/cmTC_6a6b7.dir/link.txt --verbose=1
/Library/Developer/CommandLineTools/usr/bin/c++    -isysroot /Library/Developer/CommandLineTools/SDKs/MacOSX10.14.sdk -Wl,-search_paths_first -Wl,-headerpad_max_install_names   CMakeFiles/cmTC_6a6b7.dir/testCXXCompiler.cxx.o  -o cmTC_6a6b7 



Detecting CXX compiler ABI info compiled with the following output:
Change Dir: /Users/haonanzhao/School/cs5100 Fundamental of AI/game project/tutorials/gym-retro/CMakeFiles/CMakeTmp

Run Build Command(s):/usr/bin/make cmTC_80435/fast && /Library/Developer/CommandLineTools/usr/bin/make -f CMakeFiles/cmTC_80435.dir/build.make CMakeFiles/cmTC_80435.dir/build
Building CXX object CMakeFiles/cmTC_80435.dir/CMakeCXXCompilerABI.cpp.o
/Library/Developer/CommandLineTools/usr/bin/c++    -isysroot /Library/Developer/CommandLineTools/SDKs/MacOSX10.14.sdk   -v -Wl,-v -o CMakeFiles/cmTC_80435.dir/CMakeCXXCompilerABI.cpp.o -c /usr/local/Cellar/cmake/3.16.5/share/cmake/Modules/CMakeCXXCompilerABI.cpp
Apple LLVM version 10.0.1 (clang-1001.0.46.4)
Target: x86_64-apple-darwin18.7.0
Thread model: posix
InstalledDir: /Library/Developer/CommandLineTools/usr/bin
clang: warning: -Wl,-v: 'linker' input unused [-Wunused-command-line-argument]
 "/Library/Developer/CommandLineTools/usr/bin/clang" -cc1 -triple x86_64-apple-macosx10.14.0 -Wdeprecated-objc-isa-usage -Werror=deprecated-objc-isa-usage -emit-obj -mrelax-all -disable-free -disable-llvm-verifier -discard-value-names -main-file-name CMakeCXXCompilerABI.cpp -mrelocation-model pic -pic-level 2 -mthread-model posix -mdisable-fp-elim -fno-strict-return -masm-verbose -munwind-tables -target-sdk-version=10.14 -target-cpu penryn -dwarf-column-info -debugger-tuning=lldb -target-linker-version 450.3 -v -coverage-notes-file /Users/haonanzhao/School/cs5100 Fundamental of AI/game project/tutorials/gym-retro/CMakeFiles/CMakeTmp/CMakeFiles/cmTC_80435.dir/CMakeCXXCompilerABI.cpp.gcno -resource-dir /Library/Developer/CommandLineTools/usr/lib/clang/10.0.1 -isysroot /Library/Developer/CommandLineTools/SDKs/MacOSX10.14.sdk -stdlib=libc++ -Wno-atomic-implicit-seq-cst -Wno-framework-include-private-from-public -Wno-atimport-in-framework-header -Wno-quoted-include-in-framework-header -fdeprecated-macro -fdebug-compilation-dir /Users/haonanzhao/School/cs5100 Fundamental of AI/game project/tutorials/gym-retro/CMakeFiles/CMakeTmp -ferror-limit 19 -fmessage-length 0 -stack-protector 1 -fblocks -fencode-extended-block-signature -fregister-global-dtors-with-atexit -fobjc-runtime=macosx-10.14.0 -fcxx-exceptions -fexceptions -fmax-type-align=16 -fdiagnostics-show-option -o CMakeFiles/cmTC_80435.dir/CMakeCXXCompilerABI.cpp.o -x c++ /usr/local/Cellar/cmake/3.16.5/share/cmake/Modules/CMakeCXXCompilerABI.cpp
clang -cc1 version 10.0.1 (clang-1001.0.46.4) default target x86_64-apple-darwin18.7.0
ignoring nonexistent directory "/Library/Developer/CommandLineTools/SDKs/MacOSX10.14.sdk/usr/include/c++/v1"
ignoring nonexistent directory "/Library/Developer/CommandLineTools/SDKs/MacOSX10.14.sdk/usr/local/include"
ignoring nonexistent directory "/Library/Developer/CommandLineTools/SDKs/MacOSX10.14.sdk/Library/Frameworks"
#include "..." search starts here:
#include <...> search starts here:
 /Library/Developer/CommandLineTools/usr/include/c++/v1
 /Library/Developer/CommandLineTools/usr/lib/clang/10.0.1/include
 /Library/Developer/CommandLineTools/usr/include
 /Library/Developer/CommandLineTools/SDKs/MacOSX10.14.sdk/usr/include
 /Library/Developer/CommandLineTools/SDKs/MacOSX10.14.sdk/System/Library/Frameworks (framework directory)
End of search list.
Linking CXX executable cmTC_80435
/usr/local/Cellar/cmake/3.16.5/bin/cmake -E cmake_link_script CMakeFiles/cmTC_80435.dir/link.txt --verbose=1
/Library/Developer/CommandLineTools/usr/bin/c++    -isysroot /Library/Developer/CommandLineTools/SDKs/MacOSX10.14.sdk -Wl,-search_paths_first -Wl,-headerpad_max_install_names  -v -Wl,-v CMakeFiles/cmTC_80435.dir/CMakeCXXCompilerABI.cpp.o  -o cmTC_80435 
Apple LLVM version 10.0.1 (clang-1001.0.46.4)
Target: x86_64-apple-darwin18.7.0
Thread model: posix
InstalledDir: /Library/Developer/CommandLineTools/usr/bin
 "/Library/Developer/CommandLineTools/usr/bin/ld" -demangle -lto_library /Library/Developer/CommandLineTools/usr/lib/libLTO.dylib -dynamic -arch x86_64 -macosx_version_min 10.14.0 -syslibroot /Library/Developer/CommandLineTools/SDKs/MacOSX10.14.sdk -o cmTC_80435 -search_paths_first -headerpad_max_install_names -v CMakeFiles/cmTC_80435.dir/CMakeCXXCompilerABI.cpp.o -lc++ -lSystem /Library/Developer/CommandLineTools/usr/lib/clang/10.0.1/lib/darwin/libclang_rt.osx.a
@(#)PROGRAM:ld  PROJECT:ld64-450.3
BUILD 18:16:53 Apr  5 2019
configured to support archs: armv6 armv7 armv7s arm64 arm64e arm64_32 i386 x86_64 x86_64h armv6m armv7k armv7m armv7em
Library search paths:
	/Library/Developer/CommandLineTools/SDKs/MacOSX10.14.sdk/usr/lib
Framework search paths:
	/Library/Developer/CommandLineTools/SDKs/MacOSX10.14.sdk/System/Library/Frameworks/



Parsed CXX implicit include dir info from above output: rv=done
  found start of include info
  found start of implicit include info
    add: [/Library/Developer/CommandLineTools/usr/include/c++/v1]
    add: [/Library/Developer/CommandLineTools/usr/lib/clang/10.0.1/include]
    add: [/Library/Developer/CommandLineTools/usr/include]
    add: [/Library/Developer/CommandLineTools/SDKs/MacOSX10.14.sdk/usr/include]
  end of search list found
  collapse include dir [/Library/Developer/CommandLineTools/usr/include/c++/v1] ==> [/Library/Developer/CommandLineTools/usr/include/c++/v1]
  collapse include dir [/Library/Developer/CommandLineTools/usr/lib/clang/10.0.1/include] ==> [/Library/Developer/CommandLineTools/usr/lib/clang/10.0.1/include]
  collapse include dir [/Library/Developer/CommandLineTools/usr/include] ==> [/Library/Developer/CommandLineTools/usr/include]
  collapse include dir [/Library/Developer/CommandLineTools/SDKs/MacOSX10.14.sdk/usr/include] ==> [/Library/Developer/CommandLineTools/SDKs/MacOSX10.14.sdk/usr/include]
  implicit include dirs: [/Library/Developer/CommandLineTools/usr/include/c++/v1;/Library/Developer/CommandLineTools/usr/lib/clang/10.0.1/include;/Library/Developer/CommandLineTools/usr/include;/Library/Developer/CommandLineTools/SDKs/MacOSX10.14.sdk/usr/include]


Parsed CXX implicit link information from above output:
  link line regex: [^( *|.*[/\])(ld|CMAKE_LINK_STARTFILE-NOTFOUND|([^/\]+-)?ld|collect2)[^/\]*( |$)]
  ignore line: [Change Dir: /Users/haonanzhao/School/cs5100 Fundamental of AI/game project/tutorials/gym-retro/CMakeFiles/CMakeTmp]
  ignore line: []
  ignore line: [Run Build Command(s):/usr/bin/make cmTC_80435/fast && /Library/Developer/CommandLineTools/usr/bin/make -f CMakeFiles/cmTC_80435.dir/build.make CMakeFiles/cmTC_80435.dir/build]
  ignore line: [Building CXX object CMakeFiles/cmTC_80435.dir/CMakeCXXCompilerABI.cpp.o]
  ignore line: [/Library/Developer/CommandLineTools/usr/bin/c++    -isysroot /Library/Developer/CommandLineTools/SDKs/MacOSX10.14.sdk   -v -Wl -v -o CMakeFiles/cmTC_80435.dir/CMakeCXXCompilerABI.cpp.o -c /usr/local/Cellar/cmake/3.16.5/share/cmake/Modules/CMakeCXXCompilerABI.cpp]
  ignore line: [Apple LLVM version 10.0.1 (clang-1001.0.46.4)]
  ignore line: [Target: x86_64-apple-darwin18.7.0]
  ignore line: [Thread model: posix]
  ignore line: [InstalledDir: /Library/Developer/CommandLineTools/usr/bin]
  ignore line: [clang: warning: -Wl -v: 'linker' input unused [-Wunused-command-line-argument]]
  ignore line: [ "/Library/Developer/CommandLineTools/usr/bin/clang" -cc1 -triple x86_64-apple-macosx10.14.0 -Wdeprecated-objc-isa-usage -Werror=deprecated-objc-isa-usage -emit-obj -mrelax-all -disable-free -disable-llvm-verifier -discard-value-names -main-file-name CMakeCXXCompilerABI.cpp -mrelocation-model pic -pic-level 2 -mthread-model posix -mdisable-fp-elim -fno-strict-return -masm-verbose -munwind-tables -target-sdk-version=10.14 -target-cpu penryn -dwarf-column-info -debugger-tuning=lldb -target-linker-version 450.3 -v -coverage-notes-file /Users/haonanzhao/School/cs5100 Fundamental of AI/game project/tutorials/gym-retro/CMakeFiles/CMakeTmp/CMakeFiles/cmTC_80435.dir/CMakeCXXCompilerABI.cpp.gcno -resource-dir /Library/Developer/CommandLineTools/usr/lib/clang/10.0.1 -isysroot /Library/Developer/CommandLineTools/SDKs/MacOSX10.14.sdk -stdlib=libc++ -Wno-atomic-implicit-seq-cst -Wno-framework-include-private-from-public -Wno-atimport-in-framework-header -Wno-quoted-include-in-framework-header -fdeprecated-macro -fdebug-compilation-dir /Users/haonanzhao/School/cs5100 Fundamental of AI/game project/tutorials/gym-retro/CMakeFiles/CMakeTmp -ferror-limit 19 -fmessage-length 0 -stack-protector 1 -fblocks -fencode-extended-block-signature -fregister-global-dtors-with-atexit -fobjc-runtime=macosx-10.14.0 -fcxx-exceptions -fexceptions -fmax-type-align=16 -fdiagnostics-show-option -o CMakeFiles/cmTC_80435.dir/CMakeCXXCompilerABI.cpp.o -x c++ /usr/local/Cellar/cmake/3.16.5/share/cmake/Modules/CMakeCXXCompilerABI.cpp]
  ignore line: [clang -cc1 version 10.0.1 (clang-1001.0.46.4) default target x86_64-apple-darwin18.7.0]
  ignore line: [ignoring nonexistent directory "/Library/Developer/CommandLineTools/SDKs/MacOSX10.14.sdk/usr/include/c++/v1"]
  ignore line: [ignoring nonexistent directory "/Library/Developer/CommandLineTools/SDKs/MacOSX10.14.sdk/usr/local/include"]
  ignore line: [ignoring nonexistent directory "/Library/Developer/CommandLineTools/SDKs/MacOSX10.14.sdk/Library/Frameworks"]
  ignore line: [#include "..." search starts here:]
  ignore line: [#include <...> search starts here:]
  ignore line: [ /Library/Developer/CommandLineTools/usr/include/c++/v1]
  ignore line: [ /Library/Developer/CommandLineTools/usr/lib/clang/10.0.1/include]
  ignore line: [ /Library/Developer/CommandLineTools/usr/include]
  ignore line: [ /Library/Developer/CommandLineTools/SDKs/MacOSX10.14.sdk/usr/include]
  ignore line: [ /Library/Developer/CommandLineTools/SDKs/MacOSX10.14.sdk/System/Library/Frameworks (framework directory)]
  ignore line: [End of search list.]
  ignore line: [Linking CXX executable cmTC_80435]
  ignore line: [/usr/local/Cellar/cmake/3.16.5/bin/cmake -E cmake_link_script CMakeFiles/cmTC_80435.dir/link.txt --verbose=1]
  ignore line: [/Library/Developer/CommandLineTools/usr/bin/c++    -isysroot /Library/Developer/CommandLineTools/SDKs/MacOSX10.14.sdk -Wl -search_paths_first -Wl -headerpad_max_install_names  -v -Wl -v CMakeFiles/cmTC_80435.dir/CMakeCXXCompilerABI.cpp.o  -o cmTC_80435 ]
  ignore line: [Apple LLVM version 10.0.1 (clang-1001.0.46.4)]
  ignore line: [Target: x86_64-apple-darwin18.7.0]
  ignore line: [Thread model: posix]
  ignore line: [InstalledDir: /Library/Developer/CommandLineTools/usr/bin]
  link line: [ "/Library/Developer/CommandLineTools/usr/bin/ld" -demangle -lto_library /Library/Developer/CommandLineTools/usr/lib/libLTO.dylib -dynamic -arch x86_64 -macosx_version_min 10.14.0 -syslibroot /Library/Developer/CommandLineTools/SDKs/MacOSX10.14.sdk -o cmTC_80435 -search_paths_first -headerpad_max_install_names -v CMakeFiles/cmTC_80435.dir/CMakeCXXCompilerABI.cpp.o -lc++ -lSystem /Library/Developer/CommandLineTools/usr/lib/clang/10.0.1/lib/darwin/libclang_rt.osx.a]
    arg [/Library/Developer/CommandLineTools/usr/bin/ld] ==> ignore
    arg [-demangle] ==> ignore
    arg [-lto_library] ==> ignore, skip following value
    arg [/Library/Developer/CommandLineTools/usr/lib/libLTO.dylib] ==> skip value of -lto_library
    arg [-dynamic] ==> ignore
    arg [-arch] ==> ignore
    arg [x86_64] ==> ignore
    arg [-macosx_version_min] ==> ignore
    arg [10.14.0] ==> ignore
    arg [-syslibroot] ==> ignore
    arg [/Library/Developer/CommandLineTools/SDKs/MacOSX10.14.sdk] ==> ignore
    arg [-o] ==> ignore
    arg [cmTC_80435] ==> ignore
    arg [-search_paths_first] ==> ignore
    arg [-headerpad_max_install_names] ==> ignore
    arg [-v] ==> ignore
    arg [CMakeFiles/cmTC_80435.dir/CMakeCXXCompilerABI.cpp.o] ==> ignore
    arg [-lc++] ==> lib [c++]
    arg [-lSystem] ==> lib [System]
    arg [/Library/Developer/CommandLineTools/usr/lib/clang/10.0.1/lib/darwin/libclang_rt.osx.a] ==> lib [/Library/Developer/CommandLineTools/usr/lib/clang/10.0.1/lib/darwin/libclang_rt.osx.a]
  Library search paths: [;/Library/Developer/CommandLineTools/SDKs/MacOSX10.14.sdk/usr/lib]
  Framework search paths: [;/Library/Developer/CommandLineTools/SDKs/MacOSX10.14.sdk/System/Library/Frameworks/]
  remove lib [System]
  remove lib [/Library/Developer/CommandLineTools/usr/lib/clang/10.0.1/lib/darwin/libclang_rt.osx.a]
  collapse library dir [/Library/Developer/CommandLineTools/SDKs/MacOSX10.14.sdk/usr/lib] ==> [/Library/Developer/CommandLineTools/SDKs/MacOSX10.14.sdk/usr/lib]
  collapse framework dir [/Library/Developer/CommandLineTools/SDKs/MacOSX10.14.sdk/System/Library/Frameworks/] ==> [/Library/Developer/CommandLineTools/SDKs/MacOSX10.14.sdk/System/Library/Frameworks]
  implicit libs: [c++]
  implicit dirs: [/Library/Developer/CommandLineTools/SDKs/MacOSX10.14.sdk/usr/lib]
  implicit fwks: [/Library/Developer/CommandLineTools/SDKs/MacOSX10.14.sdk/System/Library/Frameworks]


Determining if the include file initializer_list exists passed with the following output:
Change Dir: /Users/haonanzhao/School/cs5100 Fundamental of AI/game project/tutorials/gym-retro/CMakeFiles/CMakeTmp

Run Build Command(s):/usr/bin/make cmTC_aeaca/fast && /Library/Developer/CommandLineTools/usr/bin/make -f CMakeFiles/cmTC_aeaca.dir/build.make CMakeFiles/cmTC_aeaca.dir/build
Building CXX object CMakeFiles/cmTC_aeaca.dir/CheckIncludeFile.cxx.o
/Library/Developer/CommandLineTools/usr/bin/c++    -Wall -Wextra -Wno-sign-compare -Wno-missing-field-initializers -fvisibility=hidden -mssse3 -std=gnu++0x  -isysroot /Library/Developer/CommandLineTools/SDKs/MacOSX10.14.sdk -fPIE   -o CMakeFiles/cmTC_aeaca.dir/CheckIncludeFile.cxx.o -c "/Users/haonanzhao/School/cs5100 Fundamental of AI/game project/tutorials/gym-retro/CMakeFiles/CMakeTmp/CheckIncludeFile.cxx"
Linking CXX executable cmTC_aeaca
/usr/local/Cellar/cmake/3.16.5/bin/cmake -E cmake_link_script CMakeFiles/cmTC_aeaca.dir/link.txt --verbose=1
/Library/Developer/CommandLineTools/usr/bin/c++   -Wall -Wextra -Wno-sign-compare -Wno-missing-field-initializers -fvisibility=hidden -mssse3 -std=gnu++0x  -isysroot /Library/Developer/CommandLineTools/SDKs/MacOSX10.14.sdk -Wl,-search_paths_first -Wl,-headerpad_max_install_names   CMakeFiles/cmTC_aeaca.dir/CheckIncludeFile.cxx.o  -o cmTC_aeaca 



Determining if the function clonefile exists passed with the following output:
Change Dir: /Users/haonanzhao/School/cs5100 Fundamental of AI/game project/tutorials/gym-retro/CMakeFiles/CMakeTmp

Run Build Command(s):/usr/bin/make cmTC_0da57/fast && /Library/Developer/CommandLineTools/usr/bin/make -f CMakeFiles/cmTC_0da57.dir/build.make CMakeFiles/cmTC_0da57.dir/build
Building C object CMakeFiles/cmTC_0da57.dir/CheckFunctionExists.c.o
/Library/Developer/CommandLineTools/usr/bin/cc   -DCHECK_FUNCTION_EXISTS=clonefile -isysroot /Library/Developer/CommandLineTools/SDKs/MacOSX10.14.sdk -fPIE   -o CMakeFiles/cmTC_0da57.dir/CheckFunctionExists.c.o   -c /usr/local/Cellar/cmake/3.16.5/share/cmake/Modules/CheckFunctionExists.c
Linking C executable cmTC_0da57
/usr/local/Cellar/cmake/3.16.5/bin/cmake -E cmake_link_script CMakeFiles/cmTC_0da57.dir/link.txt --verbose=1
/Library/Developer/CommandLineTools/usr/bin/cc  -DCHECK_FUNCTION_EXISTS=clonefile -isysroot /Library/Developer/CommandLineTools/SDKs/MacOSX10.14.sdk -Wl,-search_paths_first -Wl,-headerpad_max_install_names   CMakeFiles/cmTC_0da57.dir/CheckFunctionExists.c.o  -o cmTC_0da57 



Determining if the function fileno exists passed with the following output:
Change Dir: /Users/haonanzhao/School/cs5100 Fundamental of AI/game project/tutorials/gym-retro/CMakeFiles/CMakeTmp

Run Build Command(s):/usr/bin/make cmTC_7c2e6/fast && /Library/Developer/CommandLineTools/usr/bin/make -f CMakeFiles/cmTC_7c2e6.dir/build.make CMakeFiles/cmTC_7c2e6.dir/build
Building C object CMakeFiles/cmTC_7c2e6.dir/CheckFunctionExists.c.o
/Library/Developer/CommandLineTools/usr/bin/cc   -DCHECK_FUNCTION_EXISTS=fileno -isysroot /Library/Developer/CommandLineTools/SDKs/MacOSX10.14.sdk -fPIE   -o CMakeFiles/cmTC_7c2e6.dir/CheckFunctionExists.c.o   -c /usr/local/Cellar/cmake/3.16.5/share/cmake/Modules/CheckFunctionExists.c
Linking C executable cmTC_7c2e6
/usr/local/Cellar/cmake/3.16.5/bin/cmake -E cmake_link_script CMakeFiles/cmTC_7c2e6.dir/link.txt --verbose=1
/Library/Developer/CommandLineTools/usr/bin/cc  -DCHECK_FUNCTION_EXISTS=fileno -isysroot /Library/Developer/CommandLineTools/SDKs/MacOSX10.14.sdk -Wl,-search_paths_first -Wl,-headerpad_max_install_names   CMakeFiles/cmTC_7c2e6.dir/CheckFunctionExists.c.o  -o cmTC_7c2e6 



Determining if the function fseeko exists passed with the following output:
Change Dir: /Users/haonanzhao/School/cs5100 Fundamental of AI/game project/tutorials/gym-retro/CMakeFiles/CMakeTmp

Run Build Command(s):/usr/bin/make cmTC_4a8d3/fast && /Library/Developer/CommandLineTools/usr/bin/make -f CMakeFiles/cmTC_4a8d3.dir/build.make CMakeFiles/cmTC_4a8d3.dir/build
Building C object CMakeFiles/cmTC_4a8d3.dir/CheckFunctionExists.c.o
/Library/Developer/CommandLineTools/usr/bin/cc   -DCHECK_FUNCTION_EXISTS=fseeko -isysroot /Library/Developer/CommandLineTools/SDKs/MacOSX10.14.sdk -fPIE   -o CMakeFiles/cmTC_4a8d3.dir/CheckFunctionExists.c.o   -c /usr/local/Cellar/cmake/3.16.5/share/cmake/Modules/CheckFunctionExists.c
Linking C executable cmTC_4a8d3
/usr/local/Cellar/cmake/3.16.5/bin/cmake -E cmake_link_script CMakeFiles/cmTC_4a8d3.dir/link.txt --verbose=1
/Library/Developer/CommandLineTools/usr/bin/cc  -DCHECK_FUNCTION_EXISTS=fseeko -isysroot /Library/Developer/CommandLineTools/SDKs/MacOSX10.14.sdk -Wl,-search_paths_first -Wl,-headerpad_max_install_names   CMakeFiles/cmTC_4a8d3.dir/CheckFunctionExists.c.o  -o cmTC_4a8d3 



Determining if the function ftello exists passed with the following output:
Change Dir: /Users/haonanzhao/School/cs5100 Fundamental of AI/game project/tutorials/gym-retro/CMakeFiles/CMakeTmp

Run Build Command(s):/usr/bin/make cmTC_a2e46/fast && /Library/Developer/CommandLineTools/usr/bin/make -f CMakeFiles/cmTC_a2e46.dir/build.make CMakeFiles/cmTC_a2e46.dir/build
Building C object CMakeFiles/cmTC_a2e46.dir/CheckFunctionExists.c.o
/Library/Developer/CommandLineTools/usr/bin/cc   -DCHECK_FUNCTION_EXISTS=ftello -isysroot /Library/Developer/CommandLineTools/SDKs/MacOSX10.14.sdk -fPIE   -o CMakeFiles/cmTC_a2e46.dir/CheckFunctionExists.c.o   -c /usr/local/Cellar/cmake/3.16.5/share/cmake/Modules/CheckFunctionExists.c
Linking C executable cmTC_a2e46
/usr/local/Cellar/cmake/3.16.5/bin/cmake -E cmake_link_script CMakeFiles/cmTC_a2e46.dir/link.txt --verbose=1
/Library/Developer/CommandLineTools/usr/bin/cc  -DCHECK_FUNCTION_EXISTS=ftello -isysroot /Library/Developer/CommandLineTools/SDKs/MacOSX10.14.sdk -Wl,-search_paths_first -Wl,-headerpad_max_install_names   CMakeFiles/cmTC_a2e46.dir/CheckFunctionExists.c.o  -o cmTC_a2e46 



Determining if the function getprogname exists passed with the following output:
Change Dir: /Users/haonanzhao/School/cs5100 Fundamental of AI/game project/tutorials/gym-retro/CMakeFiles/CMakeTmp

Run Build Command(s):/usr/bin/make cmTC_1d3e4/fast && /Library/Developer/CommandLineTools/usr/bin/make -f CMakeFiles/cmTC_1d3e4.dir/build.make CMakeFiles/cmTC_1d3e4.dir/build
Building C object CMakeFiles/cmTC_1d3e4.dir/CheckFunctionExists.c.o
/Library/Developer/CommandLineTools/usr/bin/cc   -DCHECK_FUNCTION_EXISTS=getprogname -isysroot /Library/Developer/CommandLineTools/SDKs/MacOSX10.14.sdk -fPIE   -o CMakeFiles/cmTC_1d3e4.dir/CheckFunctionExists.c.o   -c /usr/local/Cellar/cmake/3.16.5/share/cmake/Modules/CheckFunctionExists.c
Linking C executable cmTC_1d3e4
/usr/local/Cellar/cmake/3.16.5/bin/cmake -E cmake_link_script CMakeFiles/cmTC_1d3e4.dir/link.txt --verbose=1
/Library/Developer/CommandLineTools/usr/bin/cc  -DCHECK_FUNCTION_EXISTS=getprogname -isysroot /Library/Developer/CommandLineTools/SDKs/MacOSX10.14.sdk -Wl,-search_paths_first -Wl,-headerpad_max_install_names   CMakeFiles/cmTC_1d3e4.dir/CheckFunctionExists.c.o  -o cmTC_1d3e4 



Determining if the function open exists passed with the following output:
Change Dir: /Users/haonanzhao/School/cs5100 Fundamental of AI/game project/tutorials/gym-retro/CMakeFiles/CMakeTmp

Run Build Command(s):/usr/bin/make cmTC_58aa8/fast && /Library/Developer/CommandLineTools/usr/bin/make -f CMakeFiles/cmTC_58aa8.dir/build.make CMakeFiles/cmTC_58aa8.dir/build
Building C object CMakeFiles/cmTC_58aa8.dir/CheckFunctionExists.c.o
/Library/Developer/CommandLineTools/usr/bin/cc   -DCHECK_FUNCTION_EXISTS=open -isysroot /Library/Developer/CommandLineTools/SDKs/MacOSX10.14.sdk -fPIE   -o CMakeFiles/cmTC_58aa8.dir/CheckFunctionExists.c.o   -c /usr/local/Cellar/cmake/3.16.5/share/cmake/Modules/CheckFunctionExists.c
Linking C executable cmTC_58aa8
/usr/local/Cellar/cmake/3.16.5/bin/cmake -E cmake_link_script CMakeFiles/cmTC_58aa8.dir/link.txt --verbose=1
/Library/Developer/CommandLineTools/usr/bin/cc  -DCHECK_FUNCTION_EXISTS=open -isysroot /Library/Developer/CommandLineTools/SDKs/MacOSX10.14.sdk -Wl,-search_paths_first -Wl,-headerpad_max_install_names   CMakeFiles/cmTC_58aa8.dir/CheckFunctionExists.c.o  -o cmTC_58aa8 



Determining if the function mkstemp exists passed with the following output:
Change Dir: /Users/haonanzhao/School/cs5100 Fundamental of AI/game project/tutorials/gym-retro/CMakeFiles/CMakeTmp

Run Build Command(s):/usr/bin/make cmTC_15109/fast && /Library/Developer/CommandLineTools/usr/bin/make -f CMakeFiles/cmTC_15109.dir/build.make CMakeFiles/cmTC_15109.dir/build
Building C object CMakeFiles/cmTC_15109.dir/CheckFunctionExists.c.o
/Library/Developer/CommandLineTools/usr/bin/cc   -DCHECK_FUNCTION_EXISTS=mkstemp -isysroot /Library/Developer/CommandLineTools/SDKs/MacOSX10.14.sdk -fPIE   -o CMakeFiles/cmTC_15109.dir/CheckFunctionExists.c.o   -c /usr/local/Cellar/cmake/3.16.5/share/cmake/Modules/CheckFunctionExists.c
Linking C executable cmTC_15109
/usr/local/Cellar/cmake/3.16.5/bin/cmake -E cmake_link_script CMakeFiles/cmTC_15109.dir/link.txt --verbose=1
/Library/Developer/CommandLineTools/usr/bin/cc  -DCHECK_FUNCTION_EXISTS=mkstemp -isysroot /Library/Developer/CommandLineTools/SDKs/MacOSX10.14.sdk -Wl,-search_paths_first -Wl,-headerpad_max_install_names   CMakeFiles/cmTC_15109.dir/CheckFunctionExists.c.o  -o cmTC_15109 



Determining if the function setmode exists passed with the following output:
Change Dir: /Users/haonanzhao/School/cs5100 Fundamental of AI/game project/tutorials/gym-retro/CMakeFiles/CMakeTmp

Run Build Command(s):/usr/bin/make cmTC_8f339/fast && /Library/Developer/CommandLineTools/usr/bin/make -f CMakeFiles/cmTC_8f339.dir/build.make CMakeFiles/cmTC_8f339.dir/build
Building C object CMakeFiles/cmTC_8f339.dir/CheckFunctionExists.c.o
/Library/Developer/CommandLineTools/usr/bin/cc   -DCHECK_FUNCTION_EXISTS=setmode -isysroot /Library/Developer/CommandLineTools/SDKs/MacOSX10.14.sdk -fPIE   -o CMakeFiles/cmTC_8f339.dir/CheckFunctionExists.c.o   -c /usr/local/Cellar/cmake/3.16.5/share/cmake/Modules/CheckFunctionExists.c
Linking C executable cmTC_8f339
/usr/local/Cellar/cmake/3.16.5/bin/cmake -E cmake_link_script CMakeFiles/cmTC_8f339.dir/link.txt --verbose=1
/Library/Developer/CommandLineTools/usr/bin/cc  -DCHECK_FUNCTION_EXISTS=setmode -isysroot /Library/Developer/CommandLineTools/SDKs/MacOSX10.14.sdk -Wl,-search_paths_first -Wl,-headerpad_max_install_names   CMakeFiles/cmTC_8f339.dir/CheckFunctionExists.c.o  -o cmTC_8f339 



Determining if the function snprintf exists passed with the following output:
Change Dir: /Users/haonanzhao/School/cs5100 Fundamental of AI/game project/tutorials/gym-retro/CMakeFiles/CMakeTmp

Run Build Command(s):/usr/bin/make cmTC_df3c0/fast && /Library/Developer/CommandLineTools/usr/bin/make -f CMakeFiles/cmTC_df3c0.dir/build.make CMakeFiles/cmTC_df3c0.dir/build
Building C object CMakeFiles/cmTC_df3c0.dir/CheckFunctionExists.c.o
/Library/Developer/CommandLineTools/usr/bin/cc   -DCHECK_FUNCTION_EXISTS=snprintf -isysroot /Library/Developer/CommandLineTools/SDKs/MacOSX10.14.sdk -fPIE   -o CMakeFiles/cmTC_df3c0.dir/CheckFunctionExists.c.o   -c /usr/local/Cellar/cmake/3.16.5/share/cmake/Modules/CheckFunctionExists.c
/usr/local/Cellar/cmake/3.16.5/share/cmake/Modules/CheckFunctionExists.c:7:3: warning: incompatible redeclaration of library function 'snprintf' [-Wincompatible-library-redeclaration]
  CHECK_FUNCTION_EXISTS(void);
  ^
<command line>:1:31: note: expanded from here
#define CHECK_FUNCTION_EXISTS snprintf
                              ^
/usr/local/Cellar/cmake/3.16.5/share/cmake/Modules/CheckFunctionExists.c:7:3: note: 'snprintf' is a builtin with type 'int (char *, unsigned long, const char *, ...)'
<command line>:1:31: note: expanded from here
#define CHECK_FUNCTION_EXISTS snprintf
                              ^
1 warning generated.
Linking C executable cmTC_df3c0
/usr/local/Cellar/cmake/3.16.5/bin/cmake -E cmake_link_script CMakeFiles/cmTC_df3c0.dir/link.txt --verbose=1
/Library/Developer/CommandLineTools/usr/bin/cc  -DCHECK_FUNCTION_EXISTS=snprintf -isysroot /Library/Developer/CommandLineTools/SDKs/MacOSX10.14.sdk -Wl,-search_paths_first -Wl,-headerpad_max_install_names   CMakeFiles/cmTC_df3c0.dir/CheckFunctionExists.c.o  -o cmTC_df3c0 



Determining if the function strcasecmp exists passed with the following output:
Change Dir: /Users/haonanzhao/School/cs5100 Fundamental of AI/game project/tutorials/gym-retro/CMakeFiles/CMakeTmp

Run Build Command(s):/usr/bin/make cmTC_93569/fast && /Library/Developer/CommandLineTools/usr/bin/make -f CMakeFiles/cmTC_93569.dir/build.make CMakeFiles/cmTC_93569.dir/build
Building C object CMakeFiles/cmTC_93569.dir/CheckFunctionExists.c.o
/Library/Developer/CommandLineTools/usr/bin/cc   -DCHECK_FUNCTION_EXISTS=strcasecmp -isysroot /Library/Developer/CommandLineTools/SDKs/MacOSX10.14.sdk -fPIE   -o CMakeFiles/cmTC_93569.dir/CheckFunctionExists.c.o   -c /usr/local/Cellar/cmake/3.16.5/share/cmake/Modules/CheckFunctionExists.c
/usr/local/Cellar/cmake/3.16.5/share/cmake/Modules/CheckFunctionExists.c:7:3: warning: incompatible redeclaration of library function 'strcasecmp' [-Wincompatible-library-redeclaration]
  CHECK_FUNCTION_EXISTS(void);
  ^
<command line>:1:31: note: expanded from here
#define CHECK_FUNCTION_EXISTS strcasecmp
                              ^
/usr/local/Cellar/cmake/3.16.5/share/cmake/Modules/CheckFunctionExists.c:7:3: note: 'strcasecmp' is a builtin with type 'int (const char *, const char *)'
<command line>:1:31: note: expanded from here
#define CHECK_FUNCTION_EXISTS strcasecmp
                              ^
1 warning generated.
Linking C executable cmTC_93569
/usr/local/Cellar/cmake/3.16.5/bin/cmake -E cmake_link_script CMakeFiles/cmTC_93569.dir/link.txt --verbose=1
/Library/Developer/CommandLineTools/usr/bin/cc  -DCHECK_FUNCTION_EXISTS=strcasecmp -isysroot /Library/Developer/CommandLineTools/SDKs/MacOSX10.14.sdk -Wl,-search_paths_first -Wl,-headerpad_max_install_names   CMakeFiles/cmTC_93569.dir/CheckFunctionExists.c.o  -o cmTC_93569 



Determining if the function strdup exists passed with the following output:
Change Dir: /Users/haonanzhao/School/cs5100 Fundamental of AI/game project/tutorials/gym-retro/CMakeFiles/CMakeTmp

Run Build Command(s):/usr/bin/make cmTC_e35fb/fast && /Library/Developer/CommandLineTools/usr/bin/make -f CMakeFiles/cmTC_e35fb.dir/build.make CMakeFiles/cmTC_e35fb.dir/build
Building C object CMakeFiles/cmTC_e35fb.dir/CheckFunctionExists.c.o
/Library/Developer/CommandLineTools/usr/bin/cc   -DCHECK_FUNCTION_EXISTS=strdup -isysroot /Library/Developer/CommandLineTools/SDKs/MacOSX10.14.sdk -fPIE   -o CMakeFiles/cmTC_e35fb.dir/CheckFunctionExists.c.o   -c /usr/local/Cellar/cmake/3.16.5/share/cmake/Modules/CheckFunctionExists.c
/usr/local/Cellar/cmake/3.16.5/share/cmake/Modules/CheckFunctionExists.c:7:3: warning: incompatible redeclaration of library function 'strdup' [-Wincompatible-library-redeclaration]
  CHECK_FUNCTION_EXISTS(void);
  ^
<command line>:1:31: note: expanded from here
#define CHECK_FUNCTION_EXISTS strdup
                              ^
/usr/local/Cellar/cmake/3.16.5/share/cmake/Modules/CheckFunctionExists.c:7:3: note: 'strdup' is a builtin with type 'char *(const char *)'
<command line>:1:31: note: expanded from here
#define CHECK_FUNCTION_EXISTS strdup
                              ^
1 warning generated.
Linking C executable cmTC_e35fb
/usr/local/Cellar/cmake/3.16.5/bin/cmake -E cmake_link_script CMakeFiles/cmTC_e35fb.dir/link.txt --verbose=1
/Library/Developer/CommandLineTools/usr/bin/cc  -DCHECK_FUNCTION_EXISTS=strdup -isysroot /Library/Developer/CommandLineTools/SDKs/MacOSX10.14.sdk -Wl,-search_paths_first -Wl,-headerpad_max_install_names   CMakeFiles/cmTC_e35fb.dir/CheckFunctionExists.c.o  -o cmTC_e35fb 



Determining if the function strtoll exists passed with the following output:
Change Dir: /Users/haonanzhao/School/cs5100 Fundamental of AI/game project/tutorials/gym-retro/CMakeFiles/CMakeTmp

Run Build Command(s):/usr/bin/make cmTC_6c7ce/fast && /Library/Developer/CommandLineTools/usr/bin/make -f CMakeFiles/cmTC_6c7ce.dir/build.make CMakeFiles/cmTC_6c7ce.dir/build
Building C object CMakeFiles/cmTC_6c7ce.dir/CheckFunctionExists.c.o
/Library/Developer/CommandLineTools/usr/bin/cc   -DCHECK_FUNCTION_EXISTS=strtoll -isysroot /Library/Developer/CommandLineTools/SDKs/MacOSX10.14.sdk -fPIE   -o CMakeFiles/cmTC_6c7ce.dir/CheckFunctionExists.c.o   -c /usr/local/Cellar/cmake/3.16.5/share/cmake/Modules/CheckFunctionExists.c
/usr/local/Cellar/cmake/3.16.5/share/cmake/Modules/CheckFunctionExists.c:7:3: warning: incompatible redeclaration of library function 'strtoll' [-Wincompatible-library-redeclaration]
  CHECK_FUNCTION_EXISTS(void);
  ^
<command line>:1:31: note: expanded from here
#define CHECK_FUNCTION_EXISTS strtoll
                              ^
/usr/local/Cellar/cmake/3.16.5/share/cmake/Modules/CheckFunctionExists.c:7:3: note: 'strtoll' is a builtin with type 'long long (const char *, char **, int)'
<command line>:1:31: note: expanded from here
#define CHECK_FUNCTION_EXISTS strtoll
                              ^
1 warning generated.
Linking C executable cmTC_6c7ce
/usr/local/Cellar/cmake/3.16.5/bin/cmake -E cmake_link_script CMakeFiles/cmTC_6c7ce.dir/link.txt --verbose=1
/Library/Developer/CommandLineTools/usr/bin/cc  -DCHECK_FUNCTION_EXISTS=strtoll -isysroot /Library/Developer/CommandLineTools/SDKs/MacOSX10.14.sdk -Wl,-search_paths_first -Wl,-headerpad_max_install_names   CMakeFiles/cmTC_6c7ce.dir/CheckFunctionExists.c.o  -o cmTC_6c7ce 



Determining if the function strtoull exists passed with the following output:
Change Dir: /Users/haonanzhao/School/cs5100 Fundamental of AI/game project/tutorials/gym-retro/CMakeFiles/CMakeTmp

Run Build Command(s):/usr/bin/make cmTC_c8878/fast && /Library/Developer/CommandLineTools/usr/bin/make -f CMakeFiles/cmTC_c8878.dir/build.make CMakeFiles/cmTC_c8878.dir/build
Building C object CMakeFiles/cmTC_c8878.dir/CheckFunctionExists.c.o
/Library/Developer/CommandLineTools/usr/bin/cc   -DCHECK_FUNCTION_EXISTS=strtoull -isysroot /Library/Developer/CommandLineTools/SDKs/MacOSX10.14.sdk -fPIE   -o CMakeFiles/cmTC_c8878.dir/CheckFunctionExists.c.o   -c /usr/local/Cellar/cmake/3.16.5/share/cmake/Modules/CheckFunctionExists.c
/usr/local/Cellar/cmake/3.16.5/share/cmake/Modules/CheckFunctionExists.c:7:3: warning: incompatible redeclaration of library function 'strtoull' [-Wincompatible-library-redeclaration]
  CHECK_FUNCTION_EXISTS(void);
  ^
<command line>:1:31: note: expanded from here
#define CHECK_FUNCTION_EXISTS strtoull
                              ^
/usr/local/Cellar/cmake/3.16.5/share/cmake/Modules/CheckFunctionExists.c:7:3: note: 'strtoull' is a builtin with type 'unsigned long long (const char *, char **, int)'
<command line>:1:31: note: expanded from here
#define CHECK_FUNCTION_EXISTS strtoull
                              ^
1 warning generated.
Linking C executable cmTC_c8878
/usr/local/Cellar/cmake/3.16.5/bin/cmake -E cmake_link_script CMakeFiles/cmTC_c8878.dir/link.txt --verbose=1
/Library/Developer/CommandLineTools/usr/bin/cc  -DCHECK_FUNCTION_EXISTS=strtoull -isysroot /Library/Developer/CommandLineTools/SDKs/MacOSX10.14.sdk -Wl,-search_paths_first -Wl,-headerpad_max_install_names   CMakeFiles/cmTC_c8878.dir/CheckFunctionExists.c.o  -o cmTC_c8878 



Determining if files fts.h exist passed with the following output:
Change Dir: /Users/haonanzhao/School/cs5100 Fundamental of AI/game project/tutorials/gym-retro/CMakeFiles/CMakeTmp

Run Build Command(s):/usr/bin/make cmTC_ed4fc/fast && /Library/Developer/CommandLineTools/usr/bin/make -f CMakeFiles/cmTC_ed4fc.dir/build.make CMakeFiles/cmTC_ed4fc.dir/build
Building C object CMakeFiles/cmTC_ed4fc.dir/HAVE_FTS_H.c.o
/Library/Developer/CommandLineTools/usr/bin/cc   -isysroot /Library/Developer/CommandLineTools/SDKs/MacOSX10.14.sdk -fPIE   -o CMakeFiles/cmTC_ed4fc.dir/HAVE_FTS_H.c.o   -c "/Users/haonanzhao/School/cs5100 Fundamental of AI/game project/tutorials/gym-retro/CMakeFiles/CheckIncludeFiles/HAVE_FTS_H.c"
Linking C executable cmTC_ed4fc
/usr/local/Cellar/cmake/3.16.5/bin/cmake -E cmake_link_script CMakeFiles/cmTC_ed4fc.dir/link.txt --verbose=1
/Library/Developer/CommandLineTools/usr/bin/cc   -isysroot /Library/Developer/CommandLineTools/SDKs/MacOSX10.14.sdk -Wl,-search_paths_first -Wl,-headerpad_max_install_names   CMakeFiles/cmTC_ed4fc.dir/HAVE_FTS_H.c.o  -o cmTC_ed4fc 



Determining if files stdbool.h exist passed with the following output:
Change Dir: /Users/haonanzhao/School/cs5100 Fundamental of AI/game project/tutorials/gym-retro/CMakeFiles/CMakeTmp

Run Build Command(s):/usr/bin/make cmTC_7bd24/fast && /Library/Developer/CommandLineTools/usr/bin/make -f CMakeFiles/cmTC_7bd24.dir/build.make CMakeFiles/cmTC_7bd24.dir/build
Building C object CMakeFiles/cmTC_7bd24.dir/HAVE_STDBOOL_H.c.o
/Library/Developer/CommandLineTools/usr/bin/cc   -isysroot /Library/Developer/CommandLineTools/SDKs/MacOSX10.14.sdk -fPIE   -o CMakeFiles/cmTC_7bd24.dir/HAVE_STDBOOL_H.c.o   -c "/Users/haonanzhao/School/cs5100 Fundamental of AI/game project/tutorials/gym-retro/CMakeFiles/CheckIncludeFiles/HAVE_STDBOOL_H.c"
Linking C executable cmTC_7bd24
/usr/local/Cellar/cmake/3.16.5/bin/cmake -E cmake_link_script CMakeFiles/cmTC_7bd24.dir/link.txt --verbose=1
/Library/Developer/CommandLineTools/usr/bin/cc   -isysroot /Library/Developer/CommandLineTools/SDKs/MacOSX10.14.sdk -Wl,-search_paths_first -Wl,-headerpad_max_install_names   CMakeFiles/cmTC_7bd24.dir/HAVE_STDBOOL_H.c.o  -o cmTC_7bd24 



Determining if files strings.h exist passed with the following output:
Change Dir: /Users/haonanzhao/School/cs5100 Fundamental of AI/game project/tutorials/gym-retro/CMakeFiles/CMakeTmp

Run Build Command(s):/usr/bin/make cmTC_3b847/fast && /Library/Developer/CommandLineTools/usr/bin/make -f CMakeFiles/cmTC_3b847.dir/build.make CMakeFiles/cmTC_3b847.dir/build
Building C object CMakeFiles/cmTC_3b847.dir/HAVE_STRINGS_H.c.o
/Library/Developer/CommandLineTools/usr/bin/cc   -isysroot /Library/Developer/CommandLineTools/SDKs/MacOSX10.14.sdk -fPIE   -o CMakeFiles/cmTC_3b847.dir/HAVE_STRINGS_H.c.o   -c "/Users/haonanzhao/School/cs5100 Fundamental of AI/game project/tutorials/gym-retro/CMakeFiles/CheckIncludeFiles/HAVE_STRINGS_H.c"
Linking C executable cmTC_3b847
/usr/local/Cellar/cmake/3.16.5/bin/cmake -E cmake_link_script CMakeFiles/cmTC_3b847.dir/link.txt --verbose=1
/Library/Developer/CommandLineTools/usr/bin/cc   -isysroot /Library/Developer/CommandLineTools/SDKs/MacOSX10.14.sdk -Wl,-search_paths_first -Wl,-headerpad_max_install_names   CMakeFiles/cmTC_3b847.dir/HAVE_STRINGS_H.c.o  -o cmTC_3b847 



Determining if files unistd.h exist passed with the following output:
Change Dir: /Users/haonanzhao/School/cs5100 Fundamental of AI/game project/tutorials/gym-retro/CMakeFiles/CMakeTmp

Run Build Command(s):/usr/bin/make cmTC_0c40f/fast && /Library/Developer/CommandLineTools/usr/bin/make -f CMakeFiles/cmTC_0c40f.dir/build.make CMakeFiles/cmTC_0c40f.dir/build
Building C object CMakeFiles/cmTC_0c40f.dir/HAVE_UNISTD_H.c.o
/Library/Developer/CommandLineTools/usr/bin/cc   -isysroot /Library/Developer/CommandLineTools/SDKs/MacOSX10.14.sdk -fPIE   -o CMakeFiles/cmTC_0c40f.dir/HAVE_UNISTD_H.c.o   -c "/Users/haonanzhao/School/cs5100 Fundamental of AI/game project/tutorials/gym-retro/CMakeFiles/CheckIncludeFiles/HAVE_UNISTD_H.c"
Linking C executable cmTC_0c40f
/usr/local/Cellar/cmake/3.16.5/bin/cmake -E cmake_link_script CMakeFiles/cmTC_0c40f.dir/link.txt --verbose=1
/Library/Developer/CommandLineTools/usr/bin/cc   -isysroot /Library/Developer/CommandLineTools/SDKs/MacOSX10.14.sdk -Wl,-search_paths_first -Wl,-headerpad_max_install_names   CMakeFiles/cmTC_0c40f.dir/HAVE_UNISTD_H.c.o  -o cmTC_0c40f 



Determining if files inttypes.h exist passed with the following output:
Change Dir: /Users/haonanzhao/School/cs5100 Fundamental of AI/game project/tutorials/gym-retro/CMakeFiles/CMakeTmp

Run Build Command(s):/usr/bin/make cmTC_02498/fast && /Library/Developer/CommandLineTools/usr/bin/make -f CMakeFiles/cmTC_02498.dir/build.make CMakeFiles/cmTC_02498.dir/build
Building C object CMakeFiles/cmTC_02498.dir/HAVE_INTTYPES_H_LIBZIP.c.o
/Library/Developer/CommandLineTools/usr/bin/cc   -isysroot /Library/Developer/CommandLineTools/SDKs/MacOSX10.14.sdk -fPIE   -o CMakeFiles/cmTC_02498.dir/HAVE_INTTYPES_H_LIBZIP.c.o   -c "/Users/haonanzhao/School/cs5100 Fundamental of AI/game project/tutorials/gym-retro/CMakeFiles/CheckIncludeFiles/HAVE_INTTYPES_H_LIBZIP.c"
Linking C executable cmTC_02498
/usr/local/Cellar/cmake/3.16.5/bin/cmake -E cmake_link_script CMakeFiles/cmTC_02498.dir/link.txt --verbose=1
/Library/Developer/CommandLineTools/usr/bin/cc   -isysroot /Library/Developer/CommandLineTools/SDKs/MacOSX10.14.sdk -Wl,-search_paths_first -Wl,-headerpad_max_install_names   CMakeFiles/cmTC_02498.dir/HAVE_INTTYPES_H_LIBZIP.c.o  -o cmTC_02498 



Determining if files stdint.h exist passed with the following output:
Change Dir: /Users/haonanzhao/School/cs5100 Fundamental of AI/game project/tutorials/gym-retro/CMakeFiles/CMakeTmp

Run Build Command(s):/usr/bin/make cmTC_cc114/fast && /Library/Developer/CommandLineTools/usr/bin/make -f CMakeFiles/cmTC_cc114.dir/build.make CMakeFiles/cmTC_cc114.dir/build
Building C object CMakeFiles/cmTC_cc114.dir/HAVE_STDINT_H_LIBZIP.c.o
/Library/Developer/CommandLineTools/usr/bin/cc   -isysroot /Library/Developer/CommandLineTools/SDKs/MacOSX10.14.sdk -fPIE   -o CMakeFiles/cmTC_cc114.dir/HAVE_STDINT_H_LIBZIP.c.o   -c "/Users/haonanzhao/School/cs5100 Fundamental of AI/game project/tutorials/gym-retro/CMakeFiles/CheckIncludeFiles/HAVE_STDINT_H_LIBZIP.c"
Linking C executable cmTC_cc114
/usr/local/Cellar/cmake/3.16.5/bin/cmake -E cmake_link_script CMakeFiles/cmTC_cc114.dir/link.txt --verbose=1
/Library/Developer/CommandLineTools/usr/bin/cc   -isysroot /Library/Developer/CommandLineTools/SDKs/MacOSX10.14.sdk -Wl,-search_paths_first -Wl,-headerpad_max_install_names   CMakeFiles/cmTC_cc114.dir/HAVE_STDINT_H_LIBZIP.c.o  -o cmTC_cc114 



Determining if files sys/types.h exist passed with the following output:
Change Dir: /Users/haonanzhao/School/cs5100 Fundamental of AI/game project/tutorials/gym-retro/CMakeFiles/CMakeTmp

Run Build Command(s):/usr/bin/make cmTC_c91c2/fast && /Library/Developer/CommandLineTools/usr/bin/make -f CMakeFiles/cmTC_c91c2.dir/build.make CMakeFiles/cmTC_c91c2.dir/build
Building C object CMakeFiles/cmTC_c91c2.dir/HAVE_SYS_TYPES_H_LIBZIP.c.o
/Library/Developer/CommandLineTools/usr/bin/cc   -isysroot /Library/Developer/CommandLineTools/SDKs/MacOSX10.14.sdk -fPIE   -o CMakeFiles/cmTC_c91c2.dir/HAVE_SYS_TYPES_H_LIBZIP.c.o   -c "/Users/haonanzhao/School/cs5100 Fundamental of AI/game project/tutorials/gym-retro/CMakeFiles/CheckIncludeFiles/HAVE_SYS_TYPES_H_LIBZIP.c"
Linking C executable cmTC_c91c2
/usr/local/Cellar/cmake/3.16.5/bin/cmake -E cmake_link_script CMakeFiles/cmTC_c91c2.dir/link.txt --verbose=1
/Library/Developer/CommandLineTools/usr/bin/cc   -isysroot /Library/Developer/CommandLineTools/SDKs/MacOSX10.14.sdk -Wl,-search_paths_first -Wl,-headerpad_max_install_names   CMakeFiles/cmTC_c91c2.dir/HAVE_SYS_TYPES_H_LIBZIP.c.o  -o cmTC_c91c2 



Determining if the include file sys/types.h exists passed with the following output:
Change Dir: /Users/haonanzhao/School/cs5100 Fundamental of AI/game project/tutorials/gym-retro/CMakeFiles/CMakeTmp

Run Build Command(s):/usr/bin/make cmTC_04407/fast && /Library/Developer/CommandLineTools/usr/bin/make -f CMakeFiles/cmTC_04407.dir/build.make CMakeFiles/cmTC_04407.dir/build
Building C object CMakeFiles/cmTC_04407.dir/CheckIncludeFile.c.o
/Library/Developer/CommandLineTools/usr/bin/cc   -isysroot /Library/Developer/CommandLineTools/SDKs/MacOSX10.14.sdk -fPIE   -o CMakeFiles/cmTC_04407.dir/CheckIncludeFile.c.o   -c "/Users/haonanzhao/School/cs5100 Fundamental of AI/game project/tutorials/gym-retro/CMakeFiles/CMakeTmp/CheckIncludeFile.c"
Linking C executable cmTC_04407
/usr/local/Cellar/cmake/3.16.5/bin/cmake -E cmake_link_script CMakeFiles/cmTC_04407.dir/link.txt --verbose=1
/Library/Developer/CommandLineTools/usr/bin/cc   -isysroot /Library/Developer/CommandLineTools/SDKs/MacOSX10.14.sdk -Wl,-search_paths_first -Wl,-headerpad_max_install_names   CMakeFiles/cmTC_04407.dir/CheckIncludeFile.c.o  -o cmTC_04407 



Determining if the include file stdint.h exists passed with the following output:
Change Dir: /Users/haonanzhao/School/cs5100 Fundamental of AI/game project/tutorials/gym-retro/CMakeFiles/CMakeTmp

Run Build Command(s):/usr/bin/make cmTC_871cc/fast && /Library/Developer/CommandLineTools/usr/bin/make -f CMakeFiles/cmTC_871cc.dir/build.make CMakeFiles/cmTC_871cc.dir/build
Building C object CMakeFiles/cmTC_871cc.dir/CheckIncludeFile.c.o
/Library/Developer/CommandLineTools/usr/bin/cc   -isysroot /Library/Developer/CommandLineTools/SDKs/MacOSX10.14.sdk -fPIE   -o CMakeFiles/cmTC_871cc.dir/CheckIncludeFile.c.o   -c "/Users/haonanzhao/School/cs5100 Fundamental of AI/game project/tutorials/gym-retro/CMakeFiles/CMakeTmp/CheckIncludeFile.c"
Linking C executable cmTC_871cc
/usr/local/Cellar/cmake/3.16.5/bin/cmake -E cmake_link_script CMakeFiles/cmTC_871cc.dir/link.txt --verbose=1
/Library/Developer/CommandLineTools/usr/bin/cc   -isysroot /Library/Developer/CommandLineTools/SDKs/MacOSX10.14.sdk -Wl,-search_paths_first -Wl,-headerpad_max_install_names   CMakeFiles/cmTC_871cc.dir/CheckIncludeFile.c.o  -o cmTC_871cc 



Determining if the include file stddef.h exists passed with the following output:
Change Dir: /Users/haonanzhao/School/cs5100 Fundamental of AI/game project/tutorials/gym-retro/CMakeFiles/CMakeTmp

Run Build Command(s):/usr/bin/make cmTC_14c81/fast && /Library/Developer/CommandLineTools/usr/bin/make -f CMakeFiles/cmTC_14c81.dir/build.make CMakeFiles/cmTC_14c81.dir/build
Building C object CMakeFiles/cmTC_14c81.dir/CheckIncludeFile.c.o
/Library/Developer/CommandLineTools/usr/bin/cc   -isysroot /Library/Developer/CommandLineTools/SDKs/MacOSX10.14.sdk -fPIE   -o CMakeFiles/cmTC_14c81.dir/CheckIncludeFile.c.o   -c "/Users/haonanzhao/School/cs5100 Fundamental of AI/game project/tutorials/gym-retro/CMakeFiles/CMakeTmp/CheckIncludeFile.c"
Linking C executable cmTC_14c81
/usr/local/Cellar/cmake/3.16.5/bin/cmake -E cmake_link_script CMakeFiles/cmTC_14c81.dir/link.txt --verbose=1
/Library/Developer/CommandLineTools/usr/bin/cc   -isysroot /Library/Developer/CommandLineTools/SDKs/MacOSX10.14.sdk -Wl,-search_paths_first -Wl,-headerpad_max_install_names   CMakeFiles/cmTC_14c81.dir/CheckIncludeFile.c.o  -o cmTC_14c81 



Determining size of int8_t passed with the following output:
Change Dir: /Users/haonanzhao/School/cs5100 Fundamental of AI/game project/tutorials/gym-retro/CMakeFiles/CMakeTmp

Run Build Command(s):/usr/bin/make cmTC_a8076/fast && /Library/Developer/CommandLineTools/usr/bin/make -f CMakeFiles/cmTC_a8076.dir/build.make CMakeFiles/cmTC_a8076.dir/build
Building C object CMakeFiles/cmTC_a8076.dir/INT8_T_LIBZIP.c.o
/Library/Developer/CommandLineTools/usr/bin/cc   -isysroot /Library/Developer/CommandLineTools/SDKs/MacOSX10.14.sdk -fPIE   -o CMakeFiles/cmTC_a8076.dir/INT8_T_LIBZIP.c.o   -c "/Users/haonanzhao/School/cs5100 Fundamental of AI/game project/tutorials/gym-retro/CMakeFiles/CheckTypeSize/INT8_T_LIBZIP.c"
Linking C executable cmTC_a8076
/usr/local/Cellar/cmake/3.16.5/bin/cmake -E cmake_link_script CMakeFiles/cmTC_a8076.dir/link.txt --verbose=1
/Library/Developer/CommandLineTools/usr/bin/cc   -isysroot /Library/Developer/CommandLineTools/SDKs/MacOSX10.14.sdk -Wl,-search_paths_first -Wl,-headerpad_max_install_names   CMakeFiles/cmTC_a8076.dir/INT8_T_LIBZIP.c.o  -o cmTC_a8076 



Determining size of uint8_t passed with the following output:
Change Dir: /Users/haonanzhao/School/cs5100 Fundamental of AI/game project/tutorials/gym-retro/CMakeFiles/CMakeTmp

Run Build Command(s):/usr/bin/make cmTC_34141/fast && /Library/Developer/CommandLineTools/usr/bin/make -f CMakeFiles/cmTC_34141.dir/build.make CMakeFiles/cmTC_34141.dir/build
Building C object CMakeFiles/cmTC_34141.dir/UINT8_T_LIBZIP.c.o
/Library/Developer/CommandLineTools/usr/bin/cc   -isysroot /Library/Developer/CommandLineTools/SDKs/MacOSX10.14.sdk -fPIE   -o CMakeFiles/cmTC_34141.dir/UINT8_T_LIBZIP.c.o   -c "/Users/haonanzhao/School/cs5100 Fundamental of AI/game project/tutorials/gym-retro/CMakeFiles/CheckTypeSize/UINT8_T_LIBZIP.c"
Linking C executable cmTC_34141
/usr/local/Cellar/cmake/3.16.5/bin/cmake -E cmake_link_script CMakeFiles/cmTC_34141.dir/link.txt --verbose=1
/Library/Developer/CommandLineTools/usr/bin/cc   -isysroot /Library/Developer/CommandLineTools/SDKs/MacOSX10.14.sdk -Wl,-search_paths_first -Wl,-headerpad_max_install_names   CMakeFiles/cmTC_34141.dir/UINT8_T_LIBZIP.c.o  -o cmTC_34141 



Determining size of int16_t passed with the following output:
Change Dir: /Users/haonanzhao/School/cs5100 Fundamental of AI/game project/tutorials/gym-retro/CMakeFiles/CMakeTmp

Run Build Command(s):/usr/bin/make cmTC_013dd/fast && /Library/Developer/CommandLineTools/usr/bin/make -f CMakeFiles/cmTC_013dd.dir/build.make CMakeFiles/cmTC_013dd.dir/build
Building C object CMakeFiles/cmTC_013dd.dir/INT16_T_LIBZIP.c.o
/Library/Developer/CommandLineTools/usr/bin/cc   -isysroot /Library/Developer/CommandLineTools/SDKs/MacOSX10.14.sdk -fPIE   -o CMakeFiles/cmTC_013dd.dir/INT16_T_LIBZIP.c.o   -c "/Users/haonanzhao/School/cs5100 Fundamental of AI/game project/tutorials/gym-retro/CMakeFiles/CheckTypeSize/INT16_T_LIBZIP.c"
Linking C executable cmTC_013dd
/usr/local/Cellar/cmake/3.16.5/bin/cmake -E cmake_link_script CMakeFiles/cmTC_013dd.dir/link.txt --verbose=1
/Library/Developer/CommandLineTools/usr/bin/cc   -isysroot /Library/Developer/CommandLineTools/SDKs/MacOSX10.14.sdk -Wl,-search_paths_first -Wl,-headerpad_max_install_names   CMakeFiles/cmTC_013dd.dir/INT16_T_LIBZIP.c.o  -o cmTC_013dd 



Determining size of uint16_t passed with the following output:
Change Dir: /Users/haonanzhao/School/cs5100 Fundamental of AI/game project/tutorials/gym-retro/CMakeFiles/CMakeTmp

Run Build Command(s):/usr/bin/make cmTC_baae6/fast && /Library/Developer/CommandLineTools/usr/bin/make -f CMakeFiles/cmTC_baae6.dir/build.make CMakeFiles/cmTC_baae6.dir/build
Building C object CMakeFiles/cmTC_baae6.dir/UINT16_T_LIBZIP.c.o
/Library/Developer/CommandLineTools/usr/bin/cc   -isysroot /Library/Developer/CommandLineTools/SDKs/MacOSX10.14.sdk -fPIE   -o CMakeFiles/cmTC_baae6.dir/UINT16_T_LIBZIP.c.o   -c "/Users/haonanzhao/School/cs5100 Fundamental of AI/game project/tutorials/gym-retro/CMakeFiles/CheckTypeSize/UINT16_T_LIBZIP.c"
Linking C executable cmTC_baae6
/usr/local/Cellar/cmake/3.16.5/bin/cmake -E cmake_link_script CMakeFiles/cmTC_baae6.dir/link.txt --verbose=1
/Library/Developer/CommandLineTools/usr/bin/cc   -isysroot /Library/Developer/CommandLineTools/SDKs/MacOSX10.14.sdk -Wl,-search_paths_first -Wl,-headerpad_max_install_names   CMakeFiles/cmTC_baae6.dir/UINT16_T_LIBZIP.c.o  -o cmTC_baae6 



Determining size of int32_t passed with the following output:
Change Dir: /Users/haonanzhao/School/cs5100 Fundamental of AI/game project/tutorials/gym-retro/CMakeFiles/CMakeTmp

Run Build Command(s):/usr/bin/make cmTC_67c05/fast && /Library/Developer/CommandLineTools/usr/bin/make -f CMakeFiles/cmTC_67c05.dir/build.make CMakeFiles/cmTC_67c05.dir/build
Building C object CMakeFiles/cmTC_67c05.dir/INT32_T_LIBZIP.c.o
/Library/Developer/CommandLineTools/usr/bin/cc   -isysroot /Library/Developer/CommandLineTools/SDKs/MacOSX10.14.sdk -fPIE   -o CMakeFiles/cmTC_67c05.dir/INT32_T_LIBZIP.c.o   -c "/Users/haonanzhao/School/cs5100 Fundamental of AI/game project/tutorials/gym-retro/CMakeFiles/CheckTypeSize/INT32_T_LIBZIP.c"
Linking C executable cmTC_67c05
/usr/local/Cellar/cmake/3.16.5/bin/cmake -E cmake_link_script CMakeFiles/cmTC_67c05.dir/link.txt --verbose=1
/Library/Developer/CommandLineTools/usr/bin/cc   -isysroot /Library/Developer/CommandLineTools/SDKs/MacOSX10.14.sdk -Wl,-search_paths_first -Wl,-headerpad_max_install_names   CMakeFiles/cmTC_67c05.dir/INT32_T_LIBZIP.c.o  -o cmTC_67c05 



Determining size of uint32_t passed with the following output:
Change Dir: /Users/haonanzhao/School/cs5100 Fundamental of AI/game project/tutorials/gym-retro/CMakeFiles/CMakeTmp

Run Build Command(s):/usr/bin/make cmTC_5a383/fast && /Library/Developer/CommandLineTools/usr/bin/make -f CMakeFiles/cmTC_5a383.dir/build.make CMakeFiles/cmTC_5a383.dir/build
Building C object CMakeFiles/cmTC_5a383.dir/UINT32_T_LIBZIP.c.o
/Library/Developer/CommandLineTools/usr/bin/cc   -isysroot /Library/Developer/CommandLineTools/SDKs/MacOSX10.14.sdk -fPIE   -o CMakeFiles/cmTC_5a383.dir/UINT32_T_LIBZIP.c.o   -c "/Users/haonanzhao/School/cs5100 Fundamental of AI/game project/tutorials/gym-retro/CMakeFiles/CheckTypeSize/UINT32_T_LIBZIP.c"
Linking C executable cmTC_5a383
/usr/local/Cellar/cmake/3.16.5/bin/cmake -E cmake_link_script CMakeFiles/cmTC_5a383.dir/link.txt --verbose=1
/Library/Developer/CommandLineTools/usr/bin/cc   -isysroot /Library/Developer/CommandLineTools/SDKs/MacOSX10.14.sdk -Wl,-search_paths_first -Wl,-headerpad_max_install_names   CMakeFiles/cmTC_5a383.dir/UINT32_T_LIBZIP.c.o  -o cmTC_5a383 



Determining size of int64_t passed with the following output:
Change Dir: /Users/haonanzhao/School/cs5100 Fundamental of AI/game project/tutorials/gym-retro/CMakeFiles/CMakeTmp

Run Build Command(s):/usr/bin/make cmTC_a3329/fast && /Library/Developer/CommandLineTools/usr/bin/make -f CMakeFiles/cmTC_a3329.dir/build.make CMakeFiles/cmTC_a3329.dir/build
Building C object CMakeFiles/cmTC_a3329.dir/INT64_T_LIBZIP.c.o
/Library/Developer/CommandLineTools/usr/bin/cc   -isysroot /Library/Developer/CommandLineTools/SDKs/MacOSX10.14.sdk -fPIE   -o CMakeFiles/cmTC_a3329.dir/INT64_T_LIBZIP.c.o   -c "/Users/haonanzhao/School/cs5100 Fundamental of AI/game project/tutorials/gym-retro/CMakeFiles/CheckTypeSize/INT64_T_LIBZIP.c"
Linking C executable cmTC_a3329
/usr/local/Cellar/cmake/3.16.5/bin/cmake -E cmake_link_script CMakeFiles/cmTC_a3329.dir/link.txt --verbose=1
/Library/Developer/CommandLineTools/usr/bin/cc   -isysroot /Library/Developer/CommandLineTools/SDKs/MacOSX10.14.sdk -Wl,-search_paths_first -Wl,-headerpad_max_install_names   CMakeFiles/cmTC_a3329.dir/INT64_T_LIBZIP.c.o  -o cmTC_a3329 



Determining size of uint64_t passed with the following output:
Change Dir: /Users/haonanzhao/School/cs5100 Fundamental of AI/game project/tutorials/gym-retro/CMakeFiles/CMakeTmp

Run Build Command(s):/usr/bin/make cmTC_f5af9/fast && /Library/Developer/CommandLineTools/usr/bin/make -f CMakeFiles/cmTC_f5af9.dir/build.make CMakeFiles/cmTC_f5af9.dir/build
Building C object CMakeFiles/cmTC_f5af9.dir/UINT64_T_LIBZIP.c.o
/Library/Developer/CommandLineTools/usr/bin/cc   -isysroot /Library/Developer/CommandLineTools/SDKs/MacOSX10.14.sdk -fPIE   -o CMakeFiles/cmTC_f5af9.dir/UINT64_T_LIBZIP.c.o   -c "/Users/haonanzhao/School/cs5100 Fundamental of AI/game project/tutorials/gym-retro/CMakeFiles/CheckTypeSize/UINT64_T_LIBZIP.c"
Linking C executable cmTC_f5af9
/usr/local/Cellar/cmake/3.16.5/bin/cmake -E cmake_link_script CMakeFiles/cmTC_f5af9.dir/link.txt --verbose=1
/Library/Developer/CommandLineTools/usr/bin/cc   -isysroot /Library/Developer/CommandLineTools/SDKs/MacOSX10.14.sdk -Wl,-search_paths_first -Wl,-headerpad_max_install_names   CMakeFiles/cmTC_f5af9.dir/UINT64_T_LIBZIP.c.o  -o cmTC_f5af9 



Determining size of short passed with the following output:
Change Dir: /Users/haonanzhao/School/cs5100 Fundamental of AI/game project/tutorials/gym-retro/CMakeFiles/CMakeTmp

Run Build Command(s):/usr/bin/make cmTC_3e69b/fast && /Library/Developer/CommandLineTools/usr/bin/make -f CMakeFiles/cmTC_3e69b.dir/build.make CMakeFiles/cmTC_3e69b.dir/build
Building C object CMakeFiles/cmTC_3e69b.dir/SHORT_LIBZIP.c.o
/Library/Developer/CommandLineTools/usr/bin/cc   -isysroot /Library/Developer/CommandLineTools/SDKs/MacOSX10.14.sdk -fPIE   -o CMakeFiles/cmTC_3e69b.dir/SHORT_LIBZIP.c.o   -c "/Users/haonanzhao/School/cs5100 Fundamental of AI/game project/tutorials/gym-retro/CMakeFiles/CheckTypeSize/SHORT_LIBZIP.c"
Linking C executable cmTC_3e69b
/usr/local/Cellar/cmake/3.16.5/bin/cmake -E cmake_link_script CMakeFiles/cmTC_3e69b.dir/link.txt --verbose=1
/Library/Developer/CommandLineTools/usr/bin/cc   -isysroot /Library/Developer/CommandLineTools/SDKs/MacOSX10.14.sdk -Wl,-search_paths_first -Wl,-headerpad_max_install_names   CMakeFiles/cmTC_3e69b.dir/SHORT_LIBZIP.c.o  -o cmTC_3e69b 



Determining size of int passed with the following output:
Change Dir: /Users/haonanzhao/School/cs5100 Fundamental of AI/game project/tutorials/gym-retro/CMakeFiles/CMakeTmp

Run Build Command(s):/usr/bin/make cmTC_7d7a1/fast && /Library/Developer/CommandLineTools/usr/bin/make -f CMakeFiles/cmTC_7d7a1.dir/build.make CMakeFiles/cmTC_7d7a1.dir/build
Building C object CMakeFiles/cmTC_7d7a1.dir/INT_LIBZIP.c.o
/Library/Developer/CommandLineTools/usr/bin/cc   -isysroot /Library/Developer/CommandLineTools/SDKs/MacOSX10.14.sdk -fPIE   -o CMakeFiles/cmTC_7d7a1.dir/INT_LIBZIP.c.o   -c "/Users/haonanzhao/School/cs5100 Fundamental of AI/game project/tutorials/gym-retro/CMakeFiles/CheckTypeSize/INT_LIBZIP.c"
Linking C executable cmTC_7d7a1
/usr/local/Cellar/cmake/3.16.5/bin/cmake -E cmake_link_script CMakeFiles/cmTC_7d7a1.dir/link.txt --verbose=1
/Library/Developer/CommandLineTools/usr/bin/cc   -isysroot /Library/Developer/CommandLineTools/SDKs/MacOSX10.14.sdk -Wl,-search_paths_first -Wl,-headerpad_max_install_names   CMakeFiles/cmTC_7d7a1.dir/INT_LIBZIP.c.o  -o cmTC_7d7a1 



Determining size of long passed with the following output:
Change Dir: /Users/haonanzhao/School/cs5100 Fundamental of AI/game project/tutorials/gym-retro/CMakeFiles/CMakeTmp

Run Build Command(s):/usr/bin/make cmTC_bf44c/fast && /Library/Developer/CommandLineTools/usr/bin/make -f CMakeFiles/cmTC_bf44c.dir/build.make CMakeFiles/cmTC_bf44c.dir/build
Building C object CMakeFiles/cmTC_bf44c.dir/LONG_LIBZIP.c.o
/Library/Developer/CommandLineTools/usr/bin/cc   -isysroot /Library/Developer/CommandLineTools/SDKs/MacOSX10.14.sdk -fPIE   -o CMakeFiles/cmTC_bf44c.dir/LONG_LIBZIP.c.o   -c "/Users/haonanzhao/School/cs5100 Fundamental of AI/game project/tutorials/gym-retro/CMakeFiles/CheckTypeSize/LONG_LIBZIP.c"
Linking C executable cmTC_bf44c
/usr/local/Cellar/cmake/3.16.5/bin/cmake -E cmake_link_script CMakeFiles/cmTC_bf44c.dir/link.txt --verbose=1
/Library/Developer/CommandLineTools/usr/bin/cc   -isysroot /Library/Developer/CommandLineTools/SDKs/MacOSX10.14.sdk -Wl,-search_paths_first -Wl,-headerpad_max_install_names   CMakeFiles/cmTC_bf44c.dir/LONG_LIBZIP.c.o  -o cmTC_bf44c 



Determining size of long long passed with the following output:
Change Dir: /Users/haonanzhao/School/cs5100 Fundamental of AI/game project/tutorials/gym-retro/CMakeFiles/CMakeTmp

Run Build Command(s):/usr/bin/make cmTC_47d38/fast && /Library/Developer/CommandLineTools/usr/bin/make -f CMakeFiles/cmTC_47d38.dir/build.make CMakeFiles/cmTC_47d38.dir/build
Building C object CMakeFiles/cmTC_47d38.dir/LONG_LONG_LIBZIP.c.o
/Library/Developer/CommandLineTools/usr/bin/cc   -isysroot /Library/Developer/CommandLineTools/SDKs/MacOSX10.14.sdk -fPIE   -o CMakeFiles/cmTC_47d38.dir/LONG_LONG_LIBZIP.c.o   -c "/Users/haonanzhao/School/cs5100 Fundamental of AI/game project/tutorials/gym-retro/CMakeFiles/CheckTypeSize/LONG_LONG_LIBZIP.c"
Linking C executable cmTC_47d38
/usr/local/Cellar/cmake/3.16.5/bin/cmake -E cmake_link_script CMakeFiles/cmTC_47d38.dir/link.txt --verbose=1
/Library/Developer/CommandLineTools/usr/bin/cc   -isysroot /Library/Developer/CommandLineTools/SDKs/MacOSX10.14.sdk -Wl,-search_paths_first -Wl,-headerpad_max_install_names   CMakeFiles/cmTC_47d38.dir/LONG_LONG_LIBZIP.c.o  -o cmTC_47d38 



Determining size of off_t passed with the following output:
Change Dir: /Users/haonanzhao/School/cs5100 Fundamental of AI/game project/tutorials/gym-retro/CMakeFiles/CMakeTmp

Run Build Command(s):/usr/bin/make cmTC_d6cc7/fast && /Library/Developer/CommandLineTools/usr/bin/make -f CMakeFiles/cmTC_d6cc7.dir/build.make CMakeFiles/cmTC_d6cc7.dir/build
Building C object CMakeFiles/cmTC_d6cc7.dir/SIZEOF_OFF_T.c.o
/Library/Developer/CommandLineTools/usr/bin/cc   -isysroot /Library/Developer/CommandLineTools/SDKs/MacOSX10.14.sdk -fPIE   -o CMakeFiles/cmTC_d6cc7.dir/SIZEOF_OFF_T.c.o   -c "/Users/haonanzhao/School/cs5100 Fundamental of AI/game project/tutorials/gym-retro/CMakeFiles/CheckTypeSize/SIZEOF_OFF_T.c"
Linking C executable cmTC_d6cc7
/usr/local/Cellar/cmake/3.16.5/bin/cmake -E cmake_link_script CMakeFiles/cmTC_d6cc7.dir/link.txt --verbose=1
/Library/Developer/CommandLineTools/usr/bin/cc   -isysroot /Library/Developer/CommandLineTools/SDKs/MacOSX10.14.sdk -Wl,-search_paths_first -Wl,-headerpad_max_install_names   CMakeFiles/cmTC_d6cc7.dir/SIZEOF_OFF_T.c.o  -o cmTC_d6cc7 



Determining size of size_t passed with the following output:
Change Dir: /Users/haonanzhao/School/cs5100 Fundamental of AI/game project/tutorials/gym-retro/CMakeFiles/CMakeTmp

Run Build Command(s):/usr/bin/make cmTC_fdee5/fast && /Library/Developer/CommandLineTools/usr/bin/make -f CMakeFiles/cmTC_fdee5.dir/build.make CMakeFiles/cmTC_fdee5.dir/build
Building C object CMakeFiles/cmTC_fdee5.dir/SIZE_T_LIBZIP.c.o
/Library/Developer/CommandLineTools/usr/bin/cc   -isysroot /Library/Developer/CommandLineTools/SDKs/MacOSX10.14.sdk -fPIE   -o CMakeFiles/cmTC_fdee5.dir/SIZE_T_LIBZIP.c.o   -c "/Users/haonanzhao/School/cs5100 Fundamental of AI/game project/tutorials/gym-retro/CMakeFiles/CheckTypeSize/SIZE_T_LIBZIP.c"
Linking C executable cmTC_fdee5
/usr/local/Cellar/cmake/3.16.5/bin/cmake -E cmake_link_script CMakeFiles/cmTC_fdee5.dir/link.txt --verbose=1
/Library/Developer/CommandLineTools/usr/bin/cc   -isysroot /Library/Developer/CommandLineTools/SDKs/MacOSX10.14.sdk -Wl,-search_paths_first -Wl,-headerpad_max_install_names   CMakeFiles/cmTC_fdee5.dir/SIZE_T_LIBZIP.c.o  -o cmTC_fdee5 



Determining size of ssize_t passed with the following output:
Change Dir: /Users/haonanzhao/School/cs5100 Fundamental of AI/game project/tutorials/gym-retro/CMakeFiles/CMakeTmp

Run Build Command(s):/usr/bin/make cmTC_ffb84/fast && /Library/Developer/CommandLineTools/usr/bin/make -f CMakeFiles/cmTC_ffb84.dir/build.make CMakeFiles/cmTC_ffb84.dir/build
Building C object CMakeFiles/cmTC_ffb84.dir/SSIZE_T_LIBZIP.c.o
/Library/Developer/CommandLineTools/usr/bin/cc   -isysroot /Library/Developer/CommandLineTools/SDKs/MacOSX10.14.sdk -fPIE   -o CMakeFiles/cmTC_ffb84.dir/SSIZE_T_LIBZIP.c.o   -c "/Users/haonanzhao/School/cs5100 Fundamental of AI/game project/tutorials/gym-retro/CMakeFiles/CheckTypeSize/SSIZE_T_LIBZIP.c"
Linking C executable cmTC_ffb84
/usr/local/Cellar/cmake/3.16.5/bin/cmake -E cmake_link_script CMakeFiles/cmTC_ffb84.dir/link.txt --verbose=1
/Library/Developer/CommandLineTools/usr/bin/cc   -isysroot /Library/Developer/CommandLineTools/SDKs/MacOSX10.14.sdk -Wl,-search_paths_first -Wl,-headerpad_max_install_names   CMakeFiles/cmTC_ffb84.dir/SSIZE_T_LIBZIP.c.o  -o cmTC_ffb84 



Determining size of unsigned short passed with the following output:
Change Dir: /Users/haonanzhao/School/cs5100 Fundamental of AI/game project/tutorials/gym-retro/CMakeFiles/CMakeTmp

Run Build Command(s):/usr/bin/make cmTC_8ad44/fast && /Library/Developer/CommandLineTools/usr/bin/make -f CMakeFiles/cmTC_8ad44.dir/build.make CMakeFiles/cmTC_8ad44.dir/build
Building C object CMakeFiles/cmTC_8ad44.dir/CMAKE_SIZEOF_UNSIGNED_SHORT.c.o
/Library/Developer/CommandLineTools/usr/bin/cc   -isysroot /Library/Developer/CommandLineTools/SDKs/MacOSX10.14.sdk -fPIE   -o CMakeFiles/cmTC_8ad44.dir/CMAKE_SIZEOF_UNSIGNED_SHORT.c.o   -c "/Users/haonanzhao/School/cs5100 Fundamental of AI/game project/tutorials/gym-retro/CMakeFiles/CheckTypeSize/CMAKE_SIZEOF_UNSIGNED_SHORT.c"
Linking C executable cmTC_8ad44
/usr/local/Cellar/cmake/3.16.5/bin/cmake -E cmake_link_script CMakeFiles/cmTC_8ad44.dir/link.txt --verbose=1
/Library/Developer/CommandLineTools/usr/bin/cc   -isysroot /Library/Developer/CommandLineTools/SDKs/MacOSX10.14.sdk -Wl,-search_paths_first -Wl,-headerpad_max_install_names   CMakeFiles/cmTC_8ad44.dir/CMAKE_SIZEOF_UNSIGNED_SHORT.c.o  -o cmTC_8ad44 



Determining if the system is big endian passed with the following output:
Change Dir: /Users/haonanzhao/School/cs5100 Fundamental of AI/game project/tutorials/gym-retro/CMakeFiles/CMakeTmp

Run Build Command(s):/usr/bin/make cmTC_25094/fast && /Library/Developer/CommandLineTools/usr/bin/make -f CMakeFiles/cmTC_25094.dir/build.make CMakeFiles/cmTC_25094.dir/build
Building C object CMakeFiles/cmTC_25094.dir/TestEndianess.c.o
/Library/Developer/CommandLineTools/usr/bin/cc   -isysroot /Library/Developer/CommandLineTools/SDKs/MacOSX10.14.sdk -fPIE   -o CMakeFiles/cmTC_25094.dir/TestEndianess.c.o   -c "/Users/haonanzhao/School/cs5100 Fundamental of AI/game project/tutorials/gym-retro/CMakeFiles/CMakeTmp/TestEndianess.c"
Linking C executable cmTC_25094
/usr/local/Cellar/cmake/3.16.5/bin/cmake -E cmake_link_script CMakeFiles/cmTC_25094.dir/link.txt --verbose=1
/Library/Developer/CommandLineTools/usr/bin/cc   -isysroot /Library/Developer/CommandLineTools/SDKs/MacOSX10.14.sdk -Wl,-search_paths_first -Wl,-headerpad_max_install_names   CMakeFiles/cmTC_25094.dir/TestEndianess.c.o  -o cmTC_25094 


TestEndianess.c:
/* A 16 bit integer is required. */
typedef unsigned short cmakeint16;

/* On a little endian machine, these 16bit ints will give "THIS IS LITTLE ENDIAN."
   On a big endian machine the characters will be exchanged pairwise. */
const cmakeint16 info_little[] =  {0x4854, 0x5349, 0x4920, 0x2053, 0x494c, 0x5454, 0x454c, 0x4520, 0x444e, 0x4149, 0x2e4e, 0x0000};

/* on a big endian machine, these 16bit ints will give "THIS IS BIG ENDIAN."
   On a little endian machine the characters will be exchanged pairwise. */
const cmakeint16 info_big[] =     {0x5448, 0x4953, 0x2049, 0x5320, 0x4249, 0x4720, 0x454e, 0x4449, 0x414e, 0x2e2e, 0x0000};

#ifdef __CLASSIC_C__
int main(argc, argv) int argc; char *argv[];
#else
int main(int argc, char *argv[])
#endif
{
  int require = 0;
  require += info_little[argc];
  require += info_big[argc];
  (void)argv;
  return require;
}


Determining if the BZ2_bzCompressInit exist passed with the following output:
Change Dir: /Users/haonanzhao/School/cs5100 Fundamental of AI/game project/tutorials/gym-retro/CMakeFiles/CMakeTmp

Run Build Command(s):/usr/bin/make cmTC_0f817/fast && /Library/Developer/CommandLineTools/usr/bin/make -f CMakeFiles/cmTC_0f817.dir/build.make CMakeFiles/cmTC_0f817.dir/build
Building C object CMakeFiles/cmTC_0f817.dir/CheckSymbolExists.c.o
/Library/Developer/CommandLineTools/usr/bin/cc   -isysroot /Library/Developer/CommandLineTools/SDKs/MacOSX10.14.sdk -fPIE   -o CMakeFiles/cmTC_0f817.dir/CheckSymbolExists.c.o   -c "/Users/haonanzhao/School/cs5100 Fundamental of AI/game project/tutorials/gym-retro/CMakeFiles/CMakeTmp/CheckSymbolExists.c"
Linking C executable cmTC_0f817
/usr/local/Cellar/cmake/3.16.5/bin/cmake -E cmake_link_script CMakeFiles/cmTC_0f817.dir/link.txt --verbose=1
/Library/Developer/CommandLineTools/usr/bin/cc   -isysroot /Library/Developer/CommandLineTools/SDKs/MacOSX10.14.sdk -Wl,-search_paths_first -Wl,-headerpad_max_install_names   CMakeFiles/cmTC_0f817.dir/CheckSymbolExists.c.o  -o cmTC_0f817  /usr/lib/libbz2.dylib 


File /Users/haonanzhao/School/cs5100 Fundamental of AI/game project/tutorials/gym-retro/CMakeFiles/CMakeTmp/CheckSymbolExists.c:
/* */
#include <bzlib.h>

int main(int argc, char** argv)
{
  (void)argv;
#ifndef BZ2_bzCompressInit
  return ((int*)(&BZ2_bzCompressInit))[argc];
#else
  (void)argc;
  return 0;
#endif
}
Determining if the function getopt exists passed with the following output:
Change Dir: /Users/haonanzhao/School/cs5100 Fundamental of AI/game project/tutorials/gym-retro/CMakeFiles/CMakeTmp

Run Build Command(s):/usr/bin/make cmTC_47673/fast && /Library/Developer/CommandLineTools/usr/bin/make -f CMakeFiles/cmTC_47673.dir/build.make CMakeFiles/cmTC_47673.dir/build
Building C object CMakeFiles/cmTC_47673.dir/CheckFunctionExists.c.o
/Library/Developer/CommandLineTools/usr/bin/cc   -DCHECK_FUNCTION_EXISTS=getopt -isysroot /Library/Developer/CommandLineTools/SDKs/MacOSX10.14.sdk -fPIE   -o CMakeFiles/cmTC_47673.dir/CheckFunctionExists.c.o   -c /usr/local/Cellar/cmake/3.16.5/share/cmake/Modules/CheckFunctionExists.c
Linking C executable cmTC_47673
/usr/local/Cellar/cmake/3.16.5/bin/cmake -E cmake_link_script CMakeFiles/cmTC_47673.dir/link.txt --verbose=1
/Library/Developer/CommandLineTools/usr/bin/cc  -DCHECK_FUNCTION_EXISTS=getopt -isysroot /Library/Developer/CommandLineTools/SDKs/MacOSX10.14.sdk -Wl,-search_paths_first -Wl,-headerpad_max_install_names   CMakeFiles/cmTC_47673.dir/CheckFunctionExists.c.o  -o cmTC_47673 



Determining if the include file pthread.h exists passed with the following output:
Change Dir: /Users/haonanzhao/School/cs5100 Fundamental of AI/game project/tutorials/gym-retro/CMakeFiles/CMakeTmp

Run Build Command(s):/usr/bin/make cmTC_4bdda/fast && /Library/Developer/CommandLineTools/usr/bin/make -f CMakeFiles/cmTC_4bdda.dir/build.make CMakeFiles/cmTC_4bdda.dir/build
Building C object CMakeFiles/cmTC_4bdda.dir/CheckIncludeFile.c.o
/Library/Developer/CommandLineTools/usr/bin/cc   -isysroot /Library/Developer/CommandLineTools/SDKs/MacOSX10.14.sdk -fPIE   -o CMakeFiles/cmTC_4bdda.dir/CheckIncludeFile.c.o   -c "/Users/haonanzhao/School/cs5100 Fundamental of AI/game project/tutorials/gym-retro/CMakeFiles/CMakeTmp/CheckIncludeFile.c"
Linking C executable cmTC_4bdda
/usr/local/Cellar/cmake/3.16.5/bin/cmake -E cmake_link_script CMakeFiles/cmTC_4bdda.dir/link.txt --verbose=1
/Library/Developer/CommandLineTools/usr/bin/cc   -isysroot /Library/Developer/CommandLineTools/SDKs/MacOSX10.14.sdk -Wl,-search_paths_first -Wl,-headerpad_max_install_names   CMakeFiles/cmTC_4bdda.dir/CheckIncludeFile.c.o  -o cmTC_4bdda 



Performing C SOURCE FILE Test CMAKE_HAVE_LIBC_PTHREAD succeeded with the following output:
Change Dir: /Users/haonanzhao/School/cs5100 Fundamental of AI/game project/tutorials/gym-retro/CMakeFiles/CMakeTmp

Run Build Command(s):/usr/bin/make cmTC_16740/fast && /Library/Developer/CommandLineTools/usr/bin/make -f CMakeFiles/cmTC_16740.dir/build.make CMakeFiles/cmTC_16740.dir/build
Building C object CMakeFiles/cmTC_16740.dir/src.c.o
/Library/Developer/CommandLineTools/usr/bin/cc   -DCMAKE_HAVE_LIBC_PTHREAD -isysroot /Library/Developer/CommandLineTools/SDKs/MacOSX10.14.sdk -fPIE   -o CMakeFiles/cmTC_16740.dir/src.c.o   -c "/Users/haonanzhao/School/cs5100 Fundamental of AI/game project/tutorials/gym-retro/CMakeFiles/CMakeTmp/src.c"
Linking C executable cmTC_16740
/usr/local/Cellar/cmake/3.16.5/bin/cmake -E cmake_link_script CMakeFiles/cmTC_16740.dir/link.txt --verbose=1
/Library/Developer/CommandLineTools/usr/bin/cc  -DCMAKE_HAVE_LIBC_PTHREAD -isysroot /Library/Developer/CommandLineTools/SDKs/MacOSX10.14.sdk -Wl,-search_paths_first -Wl,-headerpad_max_install_names   CMakeFiles/cmTC_16740.dir/src.c.o  -o cmTC_16740 


Source file was:
#include <pthread.h>

void* test_func(void* data)
{
  return data;
}

int main(void)
{
  pthread_t thread;
  pthread_create(&thread, NULL, test_func, NULL);
  pthread_detach(thread);
  pthread_join(thread, NULL);
  pthread_atfork(NULL, NULL, NULL);
  pthread_exit(NULL);

  return 0;
}

